2020-04-06 09:24:32 [main] [31mWARN [0;39m [36mtk.mybatis.spring.mapper.ClassPathMapperScanner[0;39m - [31mSkipping MapperFactoryBean with name 'roleMapper' and 'cn.kj.ebff.mapper.RoleMapper' mapperInterface. Bean already defined with the same name![0;39m 
2020-04-06 09:24:32 [main] [31mWARN [0;39m [36mtk.mybatis.spring.mapper.ClassPathMapperScanner[0;39m - [31mSkipping MapperFactoryBean with name 'roleWithResourceMapper' and 'cn.kj.ebff.mapper.RoleWithResourceMapper' mapperInterface. Bean already defined with the same name![0;39m 
2020-04-06 09:24:32 [main] [31mWARN [0;39m [36mtk.mybatis.spring.mapper.ClassPathMapperScanner[0;39m - [31mSkipping MapperFactoryBean with name 'userMapper' and 'cn.kj.ebff.mapper.UserMapper' mapperInterface. Bean already defined with the same name![0;39m 
2020-04-06 09:24:32 [main] [31mWARN [0;39m [36mtk.mybatis.spring.mapper.ClassPathMapperScanner[0;39m - [31mSkipping MapperFactoryBean with name 'userWithRoleMapper' and 'cn.kj.ebff.mapper.UserWithRoleMapper' mapperInterface. Bean already defined with the same name![0;39m 
2020-04-06 09:24:32 [main] [31mWARN [0;39m [36mtk.mybatis.spring.mapper.ClassPathMapperScanner[0;39m - [31mNo MyBatis mapper was found in '[cn.kj.ebff]' package. Please check your configuration.[0;39m 
2020-04-06 09:24:35 [main] [31mWARN [0;39m [36mo.s.b.w.s.c.AnnotationConfigServletWebServerApplicationContext[0;39m - [31mException encountered during context initialization - cancelling refresh attempt: org.springframework.context.ApplicationContextException: Unable to start web server; nested exception is org.springframework.boot.web.server.WebServerException: Unable to start embedded Tomcat[0;39m 
2020-04-06 09:25:10 [main] [31mWARN [0;39m [36mtk.mybatis.spring.mapper.ClassPathMapperScanner[0;39m - [31mSkipping MapperFactoryBean with name 'roleMapper' and 'cn.kj.ebff.mapper.RoleMapper' mapperInterface. Bean already defined with the same name![0;39m 
2020-04-06 09:25:10 [main] [31mWARN [0;39m [36mtk.mybatis.spring.mapper.ClassPathMapperScanner[0;39m - [31mSkipping MapperFactoryBean with name 'roleWithResourceMapper' and 'cn.kj.ebff.mapper.RoleWithResourceMapper' mapperInterface. Bean already defined with the same name![0;39m 
2020-04-06 09:25:10 [main] [31mWARN [0;39m [36mtk.mybatis.spring.mapper.ClassPathMapperScanner[0;39m - [31mSkipping MapperFactoryBean with name 'userMapper' and 'cn.kj.ebff.mapper.UserMapper' mapperInterface. Bean already defined with the same name![0;39m 
2020-04-06 09:25:10 [main] [31mWARN [0;39m [36mtk.mybatis.spring.mapper.ClassPathMapperScanner[0;39m - [31mSkipping MapperFactoryBean with name 'userWithRoleMapper' and 'cn.kj.ebff.mapper.UserWithRoleMapper' mapperInterface. Bean already defined with the same name![0;39m 
2020-04-06 09:25:10 [main] [31mWARN [0;39m [36mtk.mybatis.spring.mapper.ClassPathMapperScanner[0;39m - [31mNo MyBatis mapper was found in '[cn.kj.ebff]' package. Please check your configuration.[0;39m 
2020-04-06 09:25:55 [main] [31mWARN [0;39m [36mo.s.b.w.s.c.AnnotationConfigServletWebServerApplicationContext[0;39m - [31mException encountered during context initialization - cancelling refresh attempt: org.springframework.context.ApplicationContextException: Unable to start web server; nested exception is org.springframework.boot.web.server.WebServerException: Unable to start embedded Tomcat[0;39m 
2020-04-06 09:28:11 [main] [31mWARN [0;39m [36mtk.mybatis.spring.mapper.ClassPathMapperScanner[0;39m - [31mSkipping MapperFactoryBean with name 'roleMapper' and 'cn.kj.ebff.mapper.RoleMapper' mapperInterface. Bean already defined with the same name![0;39m 
2020-04-06 09:28:11 [main] [31mWARN [0;39m [36mtk.mybatis.spring.mapper.ClassPathMapperScanner[0;39m - [31mSkipping MapperFactoryBean with name 'roleWithResourceMapper' and 'cn.kj.ebff.mapper.RoleWithResourceMapper' mapperInterface. Bean already defined with the same name![0;39m 
2020-04-06 09:28:11 [main] [31mWARN [0;39m [36mtk.mybatis.spring.mapper.ClassPathMapperScanner[0;39m - [31mSkipping MapperFactoryBean with name 'userMapper' and 'cn.kj.ebff.mapper.UserMapper' mapperInterface. Bean already defined with the same name![0;39m 
2020-04-06 09:28:11 [main] [31mWARN [0;39m [36mtk.mybatis.spring.mapper.ClassPathMapperScanner[0;39m - [31mSkipping MapperFactoryBean with name 'userWithRoleMapper' and 'cn.kj.ebff.mapper.UserWithRoleMapper' mapperInterface. Bean already defined with the same name![0;39m 
2020-04-06 09:28:11 [main] [31mWARN [0;39m [36mtk.mybatis.spring.mapper.ClassPathMapperScanner[0;39m - [31mNo MyBatis mapper was found in '[cn.kj.ebff]' package. Please check your configuration.[0;39m 
2020-04-06 09:28:25 [http-nio-8888-exec-1] [31mWARN [0;39m [36morg.apache.shiro.authc.AbstractAuthenticator[0;39m - [31mAuthentication failed for token submission [org.apache.shiro.authc.UsernamePasswordToken - Tuzki, rememberMe=false].  Possible unexpected error? (Typical or expected login exceptions should extend from AuthenticationException).[0;39m 
org.mybatis.spring.MyBatisSystemException: nested exception is org.apache.ibatis.builder.BuilderException: Error invoking SqlProvider method (tk.mybatis.mapper.provider.base.BaseSelectProvider.dynamicSQL).  Cause: java.lang.InstantiationException: tk.mybatis.mapper.provider.base.BaseSelectProvider
	at org.mybatis.spring.MyBatisExceptionTranslator.translateExceptionIfPossible(MyBatisExceptionTranslator.java:77)
	at org.mybatis.spring.SqlSessionTemplate$SqlSessionInterceptor.invoke(SqlSessionTemplate.java:446)
	at com.sun.proxy.$Proxy66.selectOne(Unknown Source)
	at org.mybatis.spring.SqlSessionTemplate.selectOne(SqlSessionTemplate.java:166)
	at org.apache.ibatis.binding.MapperMethod.execute(MapperMethod.java:83)
	at org.apache.ibatis.binding.MapperProxy.invoke(MapperProxy.java:59)
	at com.sun.proxy.$Proxy72.selectOne(Unknown Source)
	at cn.kj.ebff.servce.Impl.UserServiceImpl.SelectUserByName(UserServiceImpl.java:36)
	at cn.kj.ebff.shiro.LoginRealm.doGetAuthenticationInfo(LoginRealm.java:62)
	at org.apache.shiro.realm.AuthenticatingRealm.getAuthenticationInfo(AuthenticatingRealm.java:571)
	at org.apache.shiro.authc.pam.ModularRealmAuthenticator.doSingleRealmAuthentication(ModularRealmAuthenticator.java:180)
	at org.apache.shiro.authc.pam.ModularRealmAuthenticator.doAuthenticate(ModularRealmAuthenticator.java:267)
	at org.apache.shiro.authc.AbstractAuthenticator.authenticate(AbstractAuthenticator.java:198)
	at org.apache.shiro.mgt.AuthenticatingSecurityManager.authenticate(AuthenticatingSecurityManager.java:106)
	at org.apache.shiro.mgt.DefaultSecurityManager.login(DefaultSecurityManager.java:274)
	at org.apache.shiro.subject.support.DelegatingSubject.login(DelegatingSubject.java:260)
	at cn.kj.ebff.controller.LoginController.login(LoginController.java:35)
	at sun.reflect.NativeMethodAccessorImpl.invoke0(Native Method)
	at sun.reflect.NativeMethodAccessorImpl.invoke(NativeMethodAccessorImpl.java:62)
	at sun.reflect.DelegatingMethodAccessorImpl.invoke(DelegatingMethodAccessorImpl.java:43)
	at java.lang.reflect.Method.invoke(Method.java:498)
	at org.springframework.web.method.support.InvocableHandlerMethod.doInvoke(InvocableHandlerMethod.java:190)
	at org.springframework.web.method.support.InvocableHandlerMethod.invokeForRequest(InvocableHandlerMethod.java:138)
	at org.springframework.web.servlet.mvc.method.annotation.ServletInvocableHandlerMethod.invokeAndHandle(ServletInvocableHandlerMethod.java:105)
	at org.springframework.web.servlet.mvc.method.annotation.RequestMappingHandlerAdapter.invokeHandlerMethod(RequestMappingHandlerAdapter.java:879)
	at org.springframework.web.servlet.mvc.method.annotation.RequestMappingHandlerAdapter.handleInternal(RequestMappingHandlerAdapter.java:793)
	at org.springframework.web.servlet.mvc.method.AbstractHandlerMethodAdapter.handle(AbstractHandlerMethodAdapter.java:87)
	at org.springframework.web.servlet.DispatcherServlet.doDispatch(DispatcherServlet.java:1040)
	at org.springframework.web.servlet.DispatcherServlet.doService(DispatcherServlet.java:943)
	at org.springframework.web.servlet.FrameworkServlet.processRequest(FrameworkServlet.java:1006)
	at org.springframework.web.servlet.FrameworkServlet.doPost(FrameworkServlet.java:909)
	at javax.servlet.http.HttpServlet.service(HttpServlet.java:660)
	at org.springframework.web.servlet.FrameworkServlet.service(FrameworkServlet.java:883)
	at javax.servlet.http.HttpServlet.service(HttpServlet.java:741)
	at org.apache.catalina.core.ApplicationFilterChain.internalDoFilter(ApplicationFilterChain.java:231)
	at org.apache.catalina.core.ApplicationFilterChain.doFilter(ApplicationFilterChain.java:166)
	at org.apache.tomcat.websocket.server.WsFilter.doFilter(WsFilter.java:53)
	at org.apache.catalina.core.ApplicationFilterChain.internalDoFilter(ApplicationFilterChain.java:193)
	at org.apache.catalina.core.ApplicationFilterChain.doFilter(ApplicationFilterChain.java:166)
	at org.apache.shiro.web.servlet.ProxiedFilterChain.doFilter(ProxiedFilterChain.java:61)
	at org.apache.shiro.web.servlet.AdviceFilter.executeChain(AdviceFilter.java:108)
	at org.apache.shiro.web.servlet.AdviceFilter.doFilterInternal(AdviceFilter.java:137)
	at org.apache.shiro.web.servlet.OncePerRequestFilter.doFilter(OncePerRequestFilter.java:125)
	at org.apache.shiro.web.servlet.ProxiedFilterChain.doFilter(ProxiedFilterChain.java:66)
	at org.apache.shiro.web.servlet.AbstractShiroFilter.executeChain(AbstractShiroFilter.java:449)
	at org.apache.shiro.web.servlet.AbstractShiroFilter$1.call(AbstractShiroFilter.java:365)
	at org.apache.shiro.subject.support.SubjectCallable.doCall(SubjectCallable.java:90)
	at org.apache.shiro.subject.support.SubjectCallable.call(SubjectCallable.java:83)
	at org.apache.shiro.subject.support.DelegatingSubject.execute(DelegatingSubject.java:387)
	at org.apache.shiro.web.servlet.AbstractShiroFilter.doFilterInternal(AbstractShiroFilter.java:362)
	at org.apache.shiro.web.servlet.OncePerRequestFilter.doFilter(OncePerRequestFilter.java:125)
	at org.apache.catalina.core.ApplicationFilterChain.internalDoFilter(ApplicationFilterChain.java:193)
	at org.apache.catalina.core.ApplicationFilterChain.doFilter(ApplicationFilterChain.java:166)
	at org.springframework.web.filter.RequestContextFilter.doFilterInternal(RequestContextFilter.java:100)
	at org.springframework.web.filter.OncePerRequestFilter.doFilter(OncePerRequestFilter.java:119)
	at org.apache.catalina.core.ApplicationFilterChain.internalDoFilter(ApplicationFilterChain.java:193)
	at org.apache.catalina.core.ApplicationFilterChain.doFilter(ApplicationFilterChain.java:166)
	at org.springframework.web.filter.FormContentFilter.doFilterInternal(FormContentFilter.java:93)
	at org.springframework.web.filter.OncePerRequestFilter.doFilter(OncePerRequestFilter.java:119)
	at org.apache.catalina.core.ApplicationFilterChain.internalDoFilter(ApplicationFilterChain.java:193)
	at org.apache.catalina.core.ApplicationFilterChain.doFilter(ApplicationFilterChain.java:166)
	at org.springframework.web.filter.CharacterEncodingFilter.doFilterInternal(CharacterEncodingFilter.java:201)
	at org.springframework.web.filter.OncePerRequestFilter.doFilter(OncePerRequestFilter.java:119)
	at org.apache.catalina.core.ApplicationFilterChain.internalDoFilter(ApplicationFilterChain.java:193)
	at org.apache.catalina.core.ApplicationFilterChain.doFilter(ApplicationFilterChain.java:166)
	at org.apache.catalina.core.StandardWrapperValve.invoke(StandardWrapperValve.java:202)
	at org.apache.catalina.core.StandardContextValve.invoke(StandardContextValve.java:96)
	at org.apache.catalina.authenticator.AuthenticatorBase.invoke(AuthenticatorBase.java:541)
	at org.apache.catalina.core.StandardHostValve.invoke(StandardHostValve.java:139)
	at org.apache.catalina.valves.ErrorReportValve.invoke(ErrorReportValve.java:92)
	at org.apache.catalina.core.StandardEngineValve.invoke(StandardEngineValve.java:74)
	at org.apache.catalina.connector.CoyoteAdapter.service(CoyoteAdapter.java:343)
	at org.apache.coyote.http11.Http11Processor.service(Http11Processor.java:373)
	at org.apache.coyote.AbstractProcessorLight.process(AbstractProcessorLight.java:65)
	at org.apache.coyote.AbstractProtocol$ConnectionHandler.process(AbstractProtocol.java:868)
	at org.apache.tomcat.util.net.NioEndpoint$SocketProcessor.doRun(NioEndpoint.java:1594)
	at org.apache.tomcat.util.net.SocketProcessorBase.run(SocketProcessorBase.java:49)
	at java.util.concurrent.ThreadPoolExecutor.runWorker(ThreadPoolExecutor.java:1142)
	at java.util.concurrent.ThreadPoolExecutor$Worker.run(ThreadPoolExecutor.java:617)
	at org.apache.tomcat.util.threads.TaskThread$WrappingRunnable.run(TaskThread.java:61)
	at java.lang.Thread.run(Thread.java:748)
Caused by: org.apache.ibatis.builder.BuilderException: Error invoking SqlProvider method (tk.mybatis.mapper.provider.base.BaseSelectProvider.dynamicSQL).  Cause: java.lang.InstantiationException: tk.mybatis.mapper.provider.base.BaseSelectProvider
	at org.apache.ibatis.builder.annotation.ProviderSqlSource.createSqlSource(ProviderSqlSource.java:134)
	at org.apache.ibatis.builder.annotation.ProviderSqlSource.getBoundSql(ProviderSqlSource.java:102)
	at org.apache.ibatis.mapping.MappedStatement.getBoundSql(MappedStatement.java:292)
	at org.apache.ibatis.executor.CachingExecutor.query(CachingExecutor.java:81)
	at org.apache.ibatis.session.defaults.DefaultSqlSession.selectList(DefaultSqlSession.java:148)
	at org.apache.ibatis.session.defaults.DefaultSqlSession.selectList(DefaultSqlSession.java:141)
	at org.apache.ibatis.session.defaults.DefaultSqlSession.selectOne(DefaultSqlSession.java:77)
	at sun.reflect.NativeMethodAccessorImpl.invoke0(Native Method)
	at sun.reflect.NativeMethodAccessorImpl.invoke(NativeMethodAccessorImpl.java:62)
	at sun.reflect.DelegatingMethodAccessorImpl.invoke(DelegatingMethodAccessorImpl.java:43)
	at java.lang.reflect.Method.invoke(Method.java:498)
	at org.mybatis.spring.SqlSessionTemplate$SqlSessionInterceptor.invoke(SqlSessionTemplate.java:433)
	... 79 common frames omitted
Caused by: java.lang.InstantiationException: tk.mybatis.mapper.provider.base.BaseSelectProvider
	at java.lang.Class.newInstance(Class.java:427)
	at org.apache.ibatis.builder.annotation.ProviderSqlSource.invokeProviderMethod(ProviderSqlSource.java:165)
	at org.apache.ibatis.builder.annotation.ProviderSqlSource.createSqlSource(ProviderSqlSource.java:116)
	... 90 common frames omitted
Caused by: java.lang.NoSuchMethodException: tk.mybatis.mapper.provider.base.BaseSelectProvider.<init>()
	at java.lang.Class.getConstructor0(Class.java:3082)
	at java.lang.Class.newInstance(Class.java:412)
	... 92 common frames omitted
2020-04-06 09:29:47 [http-nio-8888-exec-8] [31mWARN [0;39m [36morg.apache.shiro.authc.AbstractAuthenticator[0;39m - [31mAuthentication failed for token submission [org.apache.shiro.authc.UsernamePasswordToken - Tuzki, rememberMe=false].  Possible unexpected error? (Typical or expected login exceptions should extend from AuthenticationException).[0;39m 
org.mybatis.spring.MyBatisSystemException: nested exception is org.apache.ibatis.builder.BuilderException: Error invoking SqlProvider method (tk.mybatis.mapper.provider.base.BaseSelectProvider.dynamicSQL).  Cause: java.lang.InstantiationException: tk.mybatis.mapper.provider.base.BaseSelectProvider
	at org.mybatis.spring.MyBatisExceptionTranslator.translateExceptionIfPossible(MyBatisExceptionTranslator.java:77)
	at org.mybatis.spring.SqlSessionTemplate$SqlSessionInterceptor.invoke(SqlSessionTemplate.java:446)
	at com.sun.proxy.$Proxy66.selectOne(Unknown Source)
	at org.mybatis.spring.SqlSessionTemplate.selectOne(SqlSessionTemplate.java:166)
	at org.apache.ibatis.binding.MapperMethod.execute(MapperMethod.java:83)
	at org.apache.ibatis.binding.MapperProxy.invoke(MapperProxy.java:59)
	at com.sun.proxy.$Proxy72.selectOne(Unknown Source)
	at cn.kj.ebff.servce.Impl.UserServiceImpl.SelectUserByName(UserServiceImpl.java:36)
	at cn.kj.ebff.shiro.LoginRealm.doGetAuthenticationInfo(LoginRealm.java:62)
	at org.apache.shiro.realm.AuthenticatingRealm.getAuthenticationInfo(AuthenticatingRealm.java:571)
	at org.apache.shiro.authc.pam.ModularRealmAuthenticator.doSingleRealmAuthentication(ModularRealmAuthenticator.java:180)
	at org.apache.shiro.authc.pam.ModularRealmAuthenticator.doAuthenticate(ModularRealmAuthenticator.java:267)
	at org.apache.shiro.authc.AbstractAuthenticator.authenticate(AbstractAuthenticator.java:198)
	at org.apache.shiro.mgt.AuthenticatingSecurityManager.authenticate(AuthenticatingSecurityManager.java:106)
	at org.apache.shiro.mgt.DefaultSecurityManager.login(DefaultSecurityManager.java:274)
	at org.apache.shiro.subject.support.DelegatingSubject.login(DelegatingSubject.java:260)
	at cn.kj.ebff.controller.LoginController.login(LoginController.java:35)
	at sun.reflect.NativeMethodAccessorImpl.invoke0(Native Method)
	at sun.reflect.NativeMethodAccessorImpl.invoke(NativeMethodAccessorImpl.java:62)
	at sun.reflect.DelegatingMethodAccessorImpl.invoke(DelegatingMethodAccessorImpl.java:43)
	at java.lang.reflect.Method.invoke(Method.java:498)
	at org.springframework.web.method.support.InvocableHandlerMethod.doInvoke(InvocableHandlerMethod.java:190)
	at org.springframework.web.method.support.InvocableHandlerMethod.invokeForRequest(InvocableHandlerMethod.java:138)
	at org.springframework.web.servlet.mvc.method.annotation.ServletInvocableHandlerMethod.invokeAndHandle(ServletInvocableHandlerMethod.java:105)
	at org.springframework.web.servlet.mvc.method.annotation.RequestMappingHandlerAdapter.invokeHandlerMethod(RequestMappingHandlerAdapter.java:879)
	at org.springframework.web.servlet.mvc.method.annotation.RequestMappingHandlerAdapter.handleInternal(RequestMappingHandlerAdapter.java:793)
	at org.springframework.web.servlet.mvc.method.AbstractHandlerMethodAdapter.handle(AbstractHandlerMethodAdapter.java:87)
	at org.springframework.web.servlet.DispatcherServlet.doDispatch(DispatcherServlet.java:1040)
	at org.springframework.web.servlet.DispatcherServlet.doService(DispatcherServlet.java:943)
	at org.springframework.web.servlet.FrameworkServlet.processRequest(FrameworkServlet.java:1006)
	at org.springframework.web.servlet.FrameworkServlet.doPost(FrameworkServlet.java:909)
	at javax.servlet.http.HttpServlet.service(HttpServlet.java:660)
	at org.springframework.web.servlet.FrameworkServlet.service(FrameworkServlet.java:883)
	at javax.servlet.http.HttpServlet.service(HttpServlet.java:741)
	at org.apache.catalina.core.ApplicationFilterChain.internalDoFilter(ApplicationFilterChain.java:231)
	at org.apache.catalina.core.ApplicationFilterChain.doFilter(ApplicationFilterChain.java:166)
	at org.apache.tomcat.websocket.server.WsFilter.doFilter(WsFilter.java:53)
	at org.apache.catalina.core.ApplicationFilterChain.internalDoFilter(ApplicationFilterChain.java:193)
	at org.apache.catalina.core.ApplicationFilterChain.doFilter(ApplicationFilterChain.java:166)
	at org.apache.shiro.web.servlet.ProxiedFilterChain.doFilter(ProxiedFilterChain.java:61)
	at org.apache.shiro.web.servlet.AdviceFilter.executeChain(AdviceFilter.java:108)
	at org.apache.shiro.web.servlet.AdviceFilter.doFilterInternal(AdviceFilter.java:137)
	at org.apache.shiro.web.servlet.OncePerRequestFilter.doFilter(OncePerRequestFilter.java:125)
	at org.apache.shiro.web.servlet.ProxiedFilterChain.doFilter(ProxiedFilterChain.java:66)
	at org.apache.shiro.web.servlet.AbstractShiroFilter.executeChain(AbstractShiroFilter.java:449)
	at org.apache.shiro.web.servlet.AbstractShiroFilter$1.call(AbstractShiroFilter.java:365)
	at org.apache.shiro.subject.support.SubjectCallable.doCall(SubjectCallable.java:90)
	at org.apache.shiro.subject.support.SubjectCallable.call(SubjectCallable.java:83)
	at org.apache.shiro.subject.support.DelegatingSubject.execute(DelegatingSubject.java:387)
	at org.apache.shiro.web.servlet.AbstractShiroFilter.doFilterInternal(AbstractShiroFilter.java:362)
	at org.apache.shiro.web.servlet.OncePerRequestFilter.doFilter(OncePerRequestFilter.java:125)
	at org.apache.catalina.core.ApplicationFilterChain.internalDoFilter(ApplicationFilterChain.java:193)
	at org.apache.catalina.core.ApplicationFilterChain.doFilter(ApplicationFilterChain.java:166)
	at org.springframework.web.filter.RequestContextFilter.doFilterInternal(RequestContextFilter.java:100)
	at org.springframework.web.filter.OncePerRequestFilter.doFilter(OncePerRequestFilter.java:119)
	at org.apache.catalina.core.ApplicationFilterChain.internalDoFilter(ApplicationFilterChain.java:193)
	at org.apache.catalina.core.ApplicationFilterChain.doFilter(ApplicationFilterChain.java:166)
	at org.springframework.web.filter.FormContentFilter.doFilterInternal(FormContentFilter.java:93)
	at org.springframework.web.filter.OncePerRequestFilter.doFilter(OncePerRequestFilter.java:119)
	at org.apache.catalina.core.ApplicationFilterChain.internalDoFilter(ApplicationFilterChain.java:193)
	at org.apache.catalina.core.ApplicationFilterChain.doFilter(ApplicationFilterChain.java:166)
	at org.springframework.web.filter.CharacterEncodingFilter.doFilterInternal(CharacterEncodingFilter.java:201)
	at org.springframework.web.filter.OncePerRequestFilter.doFilter(OncePerRequestFilter.java:119)
	at org.apache.catalina.core.ApplicationFilterChain.internalDoFilter(ApplicationFilterChain.java:193)
	at org.apache.catalina.core.ApplicationFilterChain.doFilter(ApplicationFilterChain.java:166)
	at org.apache.catalina.core.StandardWrapperValve.invoke(StandardWrapperValve.java:202)
	at org.apache.catalina.core.StandardContextValve.invoke(StandardContextValve.java:96)
	at org.apache.catalina.authenticator.AuthenticatorBase.invoke(AuthenticatorBase.java:541)
	at org.apache.catalina.core.StandardHostValve.invoke(StandardHostValve.java:139)
	at org.apache.catalina.valves.ErrorReportValve.invoke(ErrorReportValve.java:92)
	at org.apache.catalina.core.StandardEngineValve.invoke(StandardEngineValve.java:74)
	at org.apache.catalina.connector.CoyoteAdapter.service(CoyoteAdapter.java:343)
	at org.apache.coyote.http11.Http11Processor.service(Http11Processor.java:373)
	at org.apache.coyote.AbstractProcessorLight.process(AbstractProcessorLight.java:65)
	at org.apache.coyote.AbstractProtocol$ConnectionHandler.process(AbstractProtocol.java:868)
	at org.apache.tomcat.util.net.NioEndpoint$SocketProcessor.doRun(NioEndpoint.java:1594)
	at org.apache.tomcat.util.net.SocketProcessorBase.run(SocketProcessorBase.java:49)
	at java.util.concurrent.ThreadPoolExecutor.runWorker(ThreadPoolExecutor.java:1142)
	at java.util.concurrent.ThreadPoolExecutor$Worker.run(ThreadPoolExecutor.java:617)
	at org.apache.tomcat.util.threads.TaskThread$WrappingRunnable.run(TaskThread.java:61)
	at java.lang.Thread.run(Thread.java:748)
Caused by: org.apache.ibatis.builder.BuilderException: Error invoking SqlProvider method (tk.mybatis.mapper.provider.base.BaseSelectProvider.dynamicSQL).  Cause: java.lang.InstantiationException: tk.mybatis.mapper.provider.base.BaseSelectProvider
	at org.apache.ibatis.builder.annotation.ProviderSqlSource.createSqlSource(ProviderSqlSource.java:134)
	at org.apache.ibatis.builder.annotation.ProviderSqlSource.getBoundSql(ProviderSqlSource.java:102)
	at org.apache.ibatis.mapping.MappedStatement.getBoundSql(MappedStatement.java:292)
	at org.apache.ibatis.executor.CachingExecutor.query(CachingExecutor.java:81)
	at org.apache.ibatis.session.defaults.DefaultSqlSession.selectList(DefaultSqlSession.java:148)
	at org.apache.ibatis.session.defaults.DefaultSqlSession.selectList(DefaultSqlSession.java:141)
	at org.apache.ibatis.session.defaults.DefaultSqlSession.selectOne(DefaultSqlSession.java:77)
	at sun.reflect.NativeMethodAccessorImpl.invoke0(Native Method)
	at sun.reflect.NativeMethodAccessorImpl.invoke(NativeMethodAccessorImpl.java:62)
	at sun.reflect.DelegatingMethodAccessorImpl.invoke(DelegatingMethodAccessorImpl.java:43)
	at java.lang.reflect.Method.invoke(Method.java:498)
	at org.mybatis.spring.SqlSessionTemplate$SqlSessionInterceptor.invoke(SqlSessionTemplate.java:433)
	... 79 common frames omitted
Caused by: java.lang.InstantiationException: tk.mybatis.mapper.provider.base.BaseSelectProvider
	at java.lang.Class.newInstance(Class.java:427)
	at org.apache.ibatis.builder.annotation.ProviderSqlSource.invokeProviderMethod(ProviderSqlSource.java:165)
	at org.apache.ibatis.builder.annotation.ProviderSqlSource.createSqlSource(ProviderSqlSource.java:116)
	... 90 common frames omitted
Caused by: java.lang.NoSuchMethodException: tk.mybatis.mapper.provider.base.BaseSelectProvider.<init>()
	at java.lang.Class.getConstructor0(Class.java:3082)
	at java.lang.Class.newInstance(Class.java:412)
	... 92 common frames omitted
2020-04-06 09:31:12 [http-nio-8888-exec-10] [31mWARN [0;39m [36morg.apache.shiro.authc.AbstractAuthenticator[0;39m - [31mAuthentication failed for token submission [org.apache.shiro.authc.UsernamePasswordToken - Tuzki, rememberMe=false].  Possible unexpected error? (Typical or expected login exceptions should extend from AuthenticationException).[0;39m 
org.mybatis.spring.MyBatisSystemException: nested exception is org.apache.ibatis.builder.BuilderException: Error invoking SqlProvider method (tk.mybatis.mapper.provider.base.BaseSelectProvider.dynamicSQL).  Cause: java.lang.InstantiationException: tk.mybatis.mapper.provider.base.BaseSelectProvider
	at org.mybatis.spring.MyBatisExceptionTranslator.translateExceptionIfPossible(MyBatisExceptionTranslator.java:77)
	at org.mybatis.spring.SqlSessionTemplate$SqlSessionInterceptor.invoke(SqlSessionTemplate.java:446)
	at com.sun.proxy.$Proxy66.selectOne(Unknown Source)
	at org.mybatis.spring.SqlSessionTemplate.selectOne(SqlSessionTemplate.java:166)
	at org.apache.ibatis.binding.MapperMethod.execute(MapperMethod.java:83)
	at org.apache.ibatis.binding.MapperProxy.invoke(MapperProxy.java:59)
	at com.sun.proxy.$Proxy72.selectOne(Unknown Source)
	at cn.kj.ebff.servce.Impl.UserServiceImpl.SelectUserByName(UserServiceImpl.java:36)
	at cn.kj.ebff.shiro.LoginRealm.doGetAuthenticationInfo(LoginRealm.java:62)
	at org.apache.shiro.realm.AuthenticatingRealm.getAuthenticationInfo(AuthenticatingRealm.java:571)
	at org.apache.shiro.authc.pam.ModularRealmAuthenticator.doSingleRealmAuthentication(ModularRealmAuthenticator.java:180)
	at org.apache.shiro.authc.pam.ModularRealmAuthenticator.doAuthenticate(ModularRealmAuthenticator.java:267)
	at org.apache.shiro.authc.AbstractAuthenticator.authenticate(AbstractAuthenticator.java:198)
	at org.apache.shiro.mgt.AuthenticatingSecurityManager.authenticate(AuthenticatingSecurityManager.java:106)
	at org.apache.shiro.mgt.DefaultSecurityManager.login(DefaultSecurityManager.java:274)
	at org.apache.shiro.subject.support.DelegatingSubject.login(DelegatingSubject.java:260)
	at cn.kj.ebff.controller.LoginController.login(LoginController.java:35)
	at sun.reflect.NativeMethodAccessorImpl.invoke0(Native Method)
	at sun.reflect.NativeMethodAccessorImpl.invoke(NativeMethodAccessorImpl.java:62)
	at sun.reflect.DelegatingMethodAccessorImpl.invoke(DelegatingMethodAccessorImpl.java:43)
	at java.lang.reflect.Method.invoke(Method.java:498)
	at org.springframework.web.method.support.InvocableHandlerMethod.doInvoke(InvocableHandlerMethod.java:190)
	at org.springframework.web.method.support.InvocableHandlerMethod.invokeForRequest(InvocableHandlerMethod.java:138)
	at org.springframework.web.servlet.mvc.method.annotation.ServletInvocableHandlerMethod.invokeAndHandle(ServletInvocableHandlerMethod.java:105)
	at org.springframework.web.servlet.mvc.method.annotation.RequestMappingHandlerAdapter.invokeHandlerMethod(RequestMappingHandlerAdapter.java:879)
	at org.springframework.web.servlet.mvc.method.annotation.RequestMappingHandlerAdapter.handleInternal(RequestMappingHandlerAdapter.java:793)
	at org.springframework.web.servlet.mvc.method.AbstractHandlerMethodAdapter.handle(AbstractHandlerMethodAdapter.java:87)
	at org.springframework.web.servlet.DispatcherServlet.doDispatch(DispatcherServlet.java:1040)
	at org.springframework.web.servlet.DispatcherServlet.doService(DispatcherServlet.java:943)
	at org.springframework.web.servlet.FrameworkServlet.processRequest(FrameworkServlet.java:1006)
	at org.springframework.web.servlet.FrameworkServlet.doPost(FrameworkServlet.java:909)
	at javax.servlet.http.HttpServlet.service(HttpServlet.java:660)
	at org.springframework.web.servlet.FrameworkServlet.service(FrameworkServlet.java:883)
	at javax.servlet.http.HttpServlet.service(HttpServlet.java:741)
	at org.apache.catalina.core.ApplicationFilterChain.internalDoFilter(ApplicationFilterChain.java:231)
	at org.apache.catalina.core.ApplicationFilterChain.doFilter(ApplicationFilterChain.java:166)
	at org.apache.tomcat.websocket.server.WsFilter.doFilter(WsFilter.java:53)
	at org.apache.catalina.core.ApplicationFilterChain.internalDoFilter(ApplicationFilterChain.java:193)
	at org.apache.catalina.core.ApplicationFilterChain.doFilter(ApplicationFilterChain.java:166)
	at org.apache.shiro.web.servlet.ProxiedFilterChain.doFilter(ProxiedFilterChain.java:61)
	at org.apache.shiro.web.servlet.AdviceFilter.executeChain(AdviceFilter.java:108)
	at org.apache.shiro.web.servlet.AdviceFilter.doFilterInternal(AdviceFilter.java:137)
	at org.apache.shiro.web.servlet.OncePerRequestFilter.doFilter(OncePerRequestFilter.java:125)
	at org.apache.shiro.web.servlet.ProxiedFilterChain.doFilter(ProxiedFilterChain.java:66)
	at org.apache.shiro.web.servlet.AbstractShiroFilter.executeChain(AbstractShiroFilter.java:449)
	at org.apache.shiro.web.servlet.AbstractShiroFilter$1.call(AbstractShiroFilter.java:365)
	at org.apache.shiro.subject.support.SubjectCallable.doCall(SubjectCallable.java:90)
	at org.apache.shiro.subject.support.SubjectCallable.call(SubjectCallable.java:83)
	at org.apache.shiro.subject.support.DelegatingSubject.execute(DelegatingSubject.java:387)
	at org.apache.shiro.web.servlet.AbstractShiroFilter.doFilterInternal(AbstractShiroFilter.java:362)
	at org.apache.shiro.web.servlet.OncePerRequestFilter.doFilter(OncePerRequestFilter.java:125)
	at org.apache.catalina.core.ApplicationFilterChain.internalDoFilter(ApplicationFilterChain.java:193)
	at org.apache.catalina.core.ApplicationFilterChain.doFilter(ApplicationFilterChain.java:166)
	at org.springframework.web.filter.RequestContextFilter.doFilterInternal(RequestContextFilter.java:100)
	at org.springframework.web.filter.OncePerRequestFilter.doFilter(OncePerRequestFilter.java:119)
	at org.apache.catalina.core.ApplicationFilterChain.internalDoFilter(ApplicationFilterChain.java:193)
	at org.apache.catalina.core.ApplicationFilterChain.doFilter(ApplicationFilterChain.java:166)
	at org.springframework.web.filter.FormContentFilter.doFilterInternal(FormContentFilter.java:93)
	at org.springframework.web.filter.OncePerRequestFilter.doFilter(OncePerRequestFilter.java:119)
	at org.apache.catalina.core.ApplicationFilterChain.internalDoFilter(ApplicationFilterChain.java:193)
	at org.apache.catalina.core.ApplicationFilterChain.doFilter(ApplicationFilterChain.java:166)
	at org.springframework.web.filter.CharacterEncodingFilter.doFilterInternal(CharacterEncodingFilter.java:201)
	at org.springframework.web.filter.OncePerRequestFilter.doFilter(OncePerRequestFilter.java:119)
	at org.apache.catalina.core.ApplicationFilterChain.internalDoFilter(ApplicationFilterChain.java:193)
	at org.apache.catalina.core.ApplicationFilterChain.doFilter(ApplicationFilterChain.java:166)
	at org.apache.catalina.core.StandardWrapperValve.invoke(StandardWrapperValve.java:202)
	at org.apache.catalina.core.StandardContextValve.invoke(StandardContextValve.java:96)
	at org.apache.catalina.authenticator.AuthenticatorBase.invoke(AuthenticatorBase.java:541)
	at org.apache.catalina.core.StandardHostValve.invoke(StandardHostValve.java:139)
	at org.apache.catalina.valves.ErrorReportValve.invoke(ErrorReportValve.java:92)
	at org.apache.catalina.core.StandardEngineValve.invoke(StandardEngineValve.java:74)
	at org.apache.catalina.connector.CoyoteAdapter.service(CoyoteAdapter.java:343)
	at org.apache.coyote.http11.Http11Processor.service(Http11Processor.java:373)
	at org.apache.coyote.AbstractProcessorLight.process(AbstractProcessorLight.java:65)
	at org.apache.coyote.AbstractProtocol$ConnectionHandler.process(AbstractProtocol.java:868)
	at org.apache.tomcat.util.net.NioEndpoint$SocketProcessor.doRun(NioEndpoint.java:1594)
	at org.apache.tomcat.util.net.SocketProcessorBase.run(SocketProcessorBase.java:49)
	at java.util.concurrent.ThreadPoolExecutor.runWorker(ThreadPoolExecutor.java:1142)
	at java.util.concurrent.ThreadPoolExecutor$Worker.run(ThreadPoolExecutor.java:617)
	at org.apache.tomcat.util.threads.TaskThread$WrappingRunnable.run(TaskThread.java:61)
	at java.lang.Thread.run(Thread.java:748)
Caused by: org.apache.ibatis.builder.BuilderException: Error invoking SqlProvider method (tk.mybatis.mapper.provider.base.BaseSelectProvider.dynamicSQL).  Cause: java.lang.InstantiationException: tk.mybatis.mapper.provider.base.BaseSelectProvider
	at org.apache.ibatis.builder.annotation.ProviderSqlSource.createSqlSource(ProviderSqlSource.java:134)
	at org.apache.ibatis.builder.annotation.ProviderSqlSource.getBoundSql(ProviderSqlSource.java:102)
	at org.apache.ibatis.mapping.MappedStatement.getBoundSql(MappedStatement.java:292)
	at org.apache.ibatis.executor.CachingExecutor.query(CachingExecutor.java:81)
	at org.apache.ibatis.session.defaults.DefaultSqlSession.selectList(DefaultSqlSession.java:148)
	at org.apache.ibatis.session.defaults.DefaultSqlSession.selectList(DefaultSqlSession.java:141)
	at org.apache.ibatis.session.defaults.DefaultSqlSession.selectOne(DefaultSqlSession.java:77)
	at sun.reflect.NativeMethodAccessorImpl.invoke0(Native Method)
	at sun.reflect.NativeMethodAccessorImpl.invoke(NativeMethodAccessorImpl.java:62)
	at sun.reflect.DelegatingMethodAccessorImpl.invoke(DelegatingMethodAccessorImpl.java:43)
	at java.lang.reflect.Method.invoke(Method.java:498)
	at org.mybatis.spring.SqlSessionTemplate$SqlSessionInterceptor.invoke(SqlSessionTemplate.java:433)
	... 79 common frames omitted
Caused by: java.lang.InstantiationException: tk.mybatis.mapper.provider.base.BaseSelectProvider
	at java.lang.Class.newInstance(Class.java:427)
	at org.apache.ibatis.builder.annotation.ProviderSqlSource.invokeProviderMethod(ProviderSqlSource.java:165)
	at org.apache.ibatis.builder.annotation.ProviderSqlSource.createSqlSource(ProviderSqlSource.java:116)
	... 90 common frames omitted
Caused by: java.lang.NoSuchMethodException: tk.mybatis.mapper.provider.base.BaseSelectProvider.<init>()
	at java.lang.Class.getConstructor0(Class.java:3082)
	at java.lang.Class.newInstance(Class.java:412)
	... 92 common frames omitted
2020-04-06 09:33:12 [http-nio-8888-exec-2] [31mWARN [0;39m [36morg.apache.shiro.authc.AbstractAuthenticator[0;39m - [31mAuthentication failed for token submission [org.apache.shiro.authc.UsernamePasswordToken - Tuzki, rememberMe=false].  Possible unexpected error? (Typical or expected login exceptions should extend from AuthenticationException).[0;39m 
org.mybatis.spring.MyBatisSystemException: nested exception is org.apache.ibatis.builder.BuilderException: Error invoking SqlProvider method (tk.mybatis.mapper.provider.base.BaseSelectProvider.dynamicSQL).  Cause: java.lang.InstantiationException: tk.mybatis.mapper.provider.base.BaseSelectProvider
	at org.mybatis.spring.MyBatisExceptionTranslator.translateExceptionIfPossible(MyBatisExceptionTranslator.java:77)
	at org.mybatis.spring.SqlSessionTemplate$SqlSessionInterceptor.invoke(SqlSessionTemplate.java:446)
	at com.sun.proxy.$Proxy66.selectOne(Unknown Source)
	at org.mybatis.spring.SqlSessionTemplate.selectOne(SqlSessionTemplate.java:166)
	at org.apache.ibatis.binding.MapperMethod.execute(MapperMethod.java:83)
	at org.apache.ibatis.binding.MapperProxy.invoke(MapperProxy.java:59)
	at com.sun.proxy.$Proxy72.selectOne(Unknown Source)
	at cn.kj.ebff.servce.Impl.UserServiceImpl.SelectUserByName(UserServiceImpl.java:36)
	at cn.kj.ebff.shiro.LoginRealm.doGetAuthenticationInfo(LoginRealm.java:62)
	at org.apache.shiro.realm.AuthenticatingRealm.getAuthenticationInfo(AuthenticatingRealm.java:571)
	at org.apache.shiro.authc.pam.ModularRealmAuthenticator.doSingleRealmAuthentication(ModularRealmAuthenticator.java:180)
	at org.apache.shiro.authc.pam.ModularRealmAuthenticator.doAuthenticate(ModularRealmAuthenticator.java:267)
	at org.apache.shiro.authc.AbstractAuthenticator.authenticate(AbstractAuthenticator.java:198)
	at org.apache.shiro.mgt.AuthenticatingSecurityManager.authenticate(AuthenticatingSecurityManager.java:106)
	at org.apache.shiro.mgt.DefaultSecurityManager.login(DefaultSecurityManager.java:274)
	at org.apache.shiro.subject.support.DelegatingSubject.login(DelegatingSubject.java:260)
	at cn.kj.ebff.controller.LoginController.login(LoginController.java:35)
	at sun.reflect.NativeMethodAccessorImpl.invoke0(Native Method)
	at sun.reflect.NativeMethodAccessorImpl.invoke(NativeMethodAccessorImpl.java:62)
	at sun.reflect.DelegatingMethodAccessorImpl.invoke(DelegatingMethodAccessorImpl.java:43)
	at java.lang.reflect.Method.invoke(Method.java:498)
	at org.springframework.web.method.support.InvocableHandlerMethod.doInvoke(InvocableHandlerMethod.java:190)
	at org.springframework.web.method.support.InvocableHandlerMethod.invokeForRequest(InvocableHandlerMethod.java:138)
	at org.springframework.web.servlet.mvc.method.annotation.ServletInvocableHandlerMethod.invokeAndHandle(ServletInvocableHandlerMethod.java:105)
	at org.springframework.web.servlet.mvc.method.annotation.RequestMappingHandlerAdapter.invokeHandlerMethod(RequestMappingHandlerAdapter.java:879)
	at org.springframework.web.servlet.mvc.method.annotation.RequestMappingHandlerAdapter.handleInternal(RequestMappingHandlerAdapter.java:793)
	at org.springframework.web.servlet.mvc.method.AbstractHandlerMethodAdapter.handle(AbstractHandlerMethodAdapter.java:87)
	at org.springframework.web.servlet.DispatcherServlet.doDispatch(DispatcherServlet.java:1040)
	at org.springframework.web.servlet.DispatcherServlet.doService(DispatcherServlet.java:943)
	at org.springframework.web.servlet.FrameworkServlet.processRequest(FrameworkServlet.java:1006)
	at org.springframework.web.servlet.FrameworkServlet.doPost(FrameworkServlet.java:909)
	at javax.servlet.http.HttpServlet.service(HttpServlet.java:660)
	at org.springframework.web.servlet.FrameworkServlet.service(FrameworkServlet.java:883)
	at javax.servlet.http.HttpServlet.service(HttpServlet.java:741)
	at org.apache.catalina.core.ApplicationFilterChain.internalDoFilter(ApplicationFilterChain.java:231)
	at org.apache.catalina.core.ApplicationFilterChain.doFilter(ApplicationFilterChain.java:166)
	at org.apache.tomcat.websocket.server.WsFilter.doFilter(WsFilter.java:53)
	at org.apache.catalina.core.ApplicationFilterChain.internalDoFilter(ApplicationFilterChain.java:193)
	at org.apache.catalina.core.ApplicationFilterChain.doFilter(ApplicationFilterChain.java:166)
	at org.apache.shiro.web.servlet.ProxiedFilterChain.doFilter(ProxiedFilterChain.java:61)
	at org.apache.shiro.web.servlet.AdviceFilter.executeChain(AdviceFilter.java:108)
	at org.apache.shiro.web.servlet.AdviceFilter.doFilterInternal(AdviceFilter.java:137)
	at org.apache.shiro.web.servlet.OncePerRequestFilter.doFilter(OncePerRequestFilter.java:125)
	at org.apache.shiro.web.servlet.ProxiedFilterChain.doFilter(ProxiedFilterChain.java:66)
	at org.apache.shiro.web.servlet.AbstractShiroFilter.executeChain(AbstractShiroFilter.java:449)
	at org.apache.shiro.web.servlet.AbstractShiroFilter$1.call(AbstractShiroFilter.java:365)
	at org.apache.shiro.subject.support.SubjectCallable.doCall(SubjectCallable.java:90)
	at org.apache.shiro.subject.support.SubjectCallable.call(SubjectCallable.java:83)
	at org.apache.shiro.subject.support.DelegatingSubject.execute(DelegatingSubject.java:387)
	at org.apache.shiro.web.servlet.AbstractShiroFilter.doFilterInternal(AbstractShiroFilter.java:362)
	at org.apache.shiro.web.servlet.OncePerRequestFilter.doFilter(OncePerRequestFilter.java:125)
	at org.apache.catalina.core.ApplicationFilterChain.internalDoFilter(ApplicationFilterChain.java:193)
	at org.apache.catalina.core.ApplicationFilterChain.doFilter(ApplicationFilterChain.java:166)
	at org.springframework.web.filter.RequestContextFilter.doFilterInternal(RequestContextFilter.java:100)
	at org.springframework.web.filter.OncePerRequestFilter.doFilter(OncePerRequestFilter.java:119)
	at org.apache.catalina.core.ApplicationFilterChain.internalDoFilter(ApplicationFilterChain.java:193)
	at org.apache.catalina.core.ApplicationFilterChain.doFilter(ApplicationFilterChain.java:166)
	at org.springframework.web.filter.FormContentFilter.doFilterInternal(FormContentFilter.java:93)
	at org.springframework.web.filter.OncePerRequestFilter.doFilter(OncePerRequestFilter.java:119)
	at org.apache.catalina.core.ApplicationFilterChain.internalDoFilter(ApplicationFilterChain.java:193)
	at org.apache.catalina.core.ApplicationFilterChain.doFilter(ApplicationFilterChain.java:166)
	at org.springframework.web.filter.CharacterEncodingFilter.doFilterInternal(CharacterEncodingFilter.java:201)
	at org.springframework.web.filter.OncePerRequestFilter.doFilter(OncePerRequestFilter.java:119)
	at org.apache.catalina.core.ApplicationFilterChain.internalDoFilter(ApplicationFilterChain.java:193)
	at org.apache.catalina.core.ApplicationFilterChain.doFilter(ApplicationFilterChain.java:166)
	at org.apache.catalina.core.StandardWrapperValve.invoke(StandardWrapperValve.java:202)
	at org.apache.catalina.core.StandardContextValve.invoke(StandardContextValve.java:96)
	at org.apache.catalina.authenticator.AuthenticatorBase.invoke(AuthenticatorBase.java:541)
	at org.apache.catalina.core.StandardHostValve.invoke(StandardHostValve.java:139)
	at org.apache.catalina.valves.ErrorReportValve.invoke(ErrorReportValve.java:92)
	at org.apache.catalina.core.StandardEngineValve.invoke(StandardEngineValve.java:74)
	at org.apache.catalina.connector.CoyoteAdapter.service(CoyoteAdapter.java:343)
	at org.apache.coyote.http11.Http11Processor.service(Http11Processor.java:373)
	at org.apache.coyote.AbstractProcessorLight.process(AbstractProcessorLight.java:65)
	at org.apache.coyote.AbstractProtocol$ConnectionHandler.process(AbstractProtocol.java:868)
	at org.apache.tomcat.util.net.NioEndpoint$SocketProcessor.doRun(NioEndpoint.java:1594)
	at org.apache.tomcat.util.net.SocketProcessorBase.run(SocketProcessorBase.java:49)
	at java.util.concurrent.ThreadPoolExecutor.runWorker(ThreadPoolExecutor.java:1142)
	at java.util.concurrent.ThreadPoolExecutor$Worker.run(ThreadPoolExecutor.java:617)
	at org.apache.tomcat.util.threads.TaskThread$WrappingRunnable.run(TaskThread.java:61)
	at java.lang.Thread.run(Thread.java:748)
Caused by: org.apache.ibatis.builder.BuilderException: Error invoking SqlProvider method (tk.mybatis.mapper.provider.base.BaseSelectProvider.dynamicSQL).  Cause: java.lang.InstantiationException: tk.mybatis.mapper.provider.base.BaseSelectProvider
	at org.apache.ibatis.builder.annotation.ProviderSqlSource.createSqlSource(ProviderSqlSource.java:134)
	at org.apache.ibatis.builder.annotation.ProviderSqlSource.getBoundSql(ProviderSqlSource.java:102)
	at org.apache.ibatis.mapping.MappedStatement.getBoundSql(MappedStatement.java:292)
	at org.apache.ibatis.executor.CachingExecutor.query(CachingExecutor.java:81)
	at org.apache.ibatis.session.defaults.DefaultSqlSession.selectList(DefaultSqlSession.java:148)
	at org.apache.ibatis.session.defaults.DefaultSqlSession.selectList(DefaultSqlSession.java:141)
	at org.apache.ibatis.session.defaults.DefaultSqlSession.selectOne(DefaultSqlSession.java:77)
	at sun.reflect.NativeMethodAccessorImpl.invoke0(Native Method)
	at sun.reflect.NativeMethodAccessorImpl.invoke(NativeMethodAccessorImpl.java:62)
	at sun.reflect.DelegatingMethodAccessorImpl.invoke(DelegatingMethodAccessorImpl.java:43)
	at java.lang.reflect.Method.invoke(Method.java:498)
	at org.mybatis.spring.SqlSessionTemplate$SqlSessionInterceptor.invoke(SqlSessionTemplate.java:433)
	... 79 common frames omitted
Caused by: java.lang.InstantiationException: tk.mybatis.mapper.provider.base.BaseSelectProvider
	at java.lang.Class.newInstance(Class.java:427)
	at org.apache.ibatis.builder.annotation.ProviderSqlSource.invokeProviderMethod(ProviderSqlSource.java:165)
	at org.apache.ibatis.builder.annotation.ProviderSqlSource.createSqlSource(ProviderSqlSource.java:116)
	... 90 common frames omitted
Caused by: java.lang.NoSuchMethodException: tk.mybatis.mapper.provider.base.BaseSelectProvider.<init>()
	at java.lang.Class.getConstructor0(Class.java:3082)
	at java.lang.Class.newInstance(Class.java:412)
	... 92 common frames omitted
2020-04-06 09:34:05 [http-nio-8888-exec-4] [31mWARN [0;39m [36morg.apache.shiro.authc.AbstractAuthenticator[0;39m - [31mAuthentication failed for token submission [org.apache.shiro.authc.UsernamePasswordToken - Tuzki, rememberMe=false].  Possible unexpected error? (Typical or expected login exceptions should extend from AuthenticationException).[0;39m 
org.mybatis.spring.MyBatisSystemException: nested exception is org.apache.ibatis.builder.BuilderException: Error invoking SqlProvider method (tk.mybatis.mapper.provider.base.BaseSelectProvider.dynamicSQL).  Cause: java.lang.InstantiationException: tk.mybatis.mapper.provider.base.BaseSelectProvider
	at org.mybatis.spring.MyBatisExceptionTranslator.translateExceptionIfPossible(MyBatisExceptionTranslator.java:77)
	at org.mybatis.spring.SqlSessionTemplate$SqlSessionInterceptor.invoke(SqlSessionTemplate.java:446)
	at com.sun.proxy.$Proxy66.selectOne(Unknown Source)
	at org.mybatis.spring.SqlSessionTemplate.selectOne(SqlSessionTemplate.java:166)
	at org.apache.ibatis.binding.MapperMethod.execute(MapperMethod.java:83)
	at org.apache.ibatis.binding.MapperProxy.invoke(MapperProxy.java:59)
	at com.sun.proxy.$Proxy72.selectOne(Unknown Source)
	at cn.kj.ebff.servce.Impl.UserServiceImpl.SelectUserByName(UserServiceImpl.java:36)
	at cn.kj.ebff.shiro.LoginRealm.doGetAuthenticationInfo(LoginRealm.java:62)
	at org.apache.shiro.realm.AuthenticatingRealm.getAuthenticationInfo(AuthenticatingRealm.java:571)
	at org.apache.shiro.authc.pam.ModularRealmAuthenticator.doSingleRealmAuthentication(ModularRealmAuthenticator.java:180)
	at org.apache.shiro.authc.pam.ModularRealmAuthenticator.doAuthenticate(ModularRealmAuthenticator.java:267)
	at org.apache.shiro.authc.AbstractAuthenticator.authenticate(AbstractAuthenticator.java:198)
	at org.apache.shiro.mgt.AuthenticatingSecurityManager.authenticate(AuthenticatingSecurityManager.java:106)
	at org.apache.shiro.mgt.DefaultSecurityManager.login(DefaultSecurityManager.java:274)
	at org.apache.shiro.subject.support.DelegatingSubject.login(DelegatingSubject.java:260)
	at cn.kj.ebff.controller.LoginController.login(LoginController.java:35)
	at sun.reflect.NativeMethodAccessorImpl.invoke0(Native Method)
	at sun.reflect.NativeMethodAccessorImpl.invoke(NativeMethodAccessorImpl.java:62)
	at sun.reflect.DelegatingMethodAccessorImpl.invoke(DelegatingMethodAccessorImpl.java:43)
	at java.lang.reflect.Method.invoke(Method.java:498)
	at org.springframework.web.method.support.InvocableHandlerMethod.doInvoke(InvocableHandlerMethod.java:190)
	at org.springframework.web.method.support.InvocableHandlerMethod.invokeForRequest(InvocableHandlerMethod.java:138)
	at org.springframework.web.servlet.mvc.method.annotation.ServletInvocableHandlerMethod.invokeAndHandle(ServletInvocableHandlerMethod.java:105)
	at org.springframework.web.servlet.mvc.method.annotation.RequestMappingHandlerAdapter.invokeHandlerMethod(RequestMappingHandlerAdapter.java:879)
	at org.springframework.web.servlet.mvc.method.annotation.RequestMappingHandlerAdapter.handleInternal(RequestMappingHandlerAdapter.java:793)
	at org.springframework.web.servlet.mvc.method.AbstractHandlerMethodAdapter.handle(AbstractHandlerMethodAdapter.java:87)
	at org.springframework.web.servlet.DispatcherServlet.doDispatch(DispatcherServlet.java:1040)
	at org.springframework.web.servlet.DispatcherServlet.doService(DispatcherServlet.java:943)
	at org.springframework.web.servlet.FrameworkServlet.processRequest(FrameworkServlet.java:1006)
	at org.springframework.web.servlet.FrameworkServlet.doPost(FrameworkServlet.java:909)
	at javax.servlet.http.HttpServlet.service(HttpServlet.java:660)
	at org.springframework.web.servlet.FrameworkServlet.service(FrameworkServlet.java:883)
	at javax.servlet.http.HttpServlet.service(HttpServlet.java:741)
	at org.apache.catalina.core.ApplicationFilterChain.internalDoFilter(ApplicationFilterChain.java:231)
	at org.apache.catalina.core.ApplicationFilterChain.doFilter(ApplicationFilterChain.java:166)
	at org.apache.tomcat.websocket.server.WsFilter.doFilter(WsFilter.java:53)
	at org.apache.catalina.core.ApplicationFilterChain.internalDoFilter(ApplicationFilterChain.java:193)
	at org.apache.catalina.core.ApplicationFilterChain.doFilter(ApplicationFilterChain.java:166)
	at org.apache.shiro.web.servlet.ProxiedFilterChain.doFilter(ProxiedFilterChain.java:61)
	at org.apache.shiro.web.servlet.AdviceFilter.executeChain(AdviceFilter.java:108)
	at org.apache.shiro.web.servlet.AdviceFilter.doFilterInternal(AdviceFilter.java:137)
	at org.apache.shiro.web.servlet.OncePerRequestFilter.doFilter(OncePerRequestFilter.java:125)
	at org.apache.shiro.web.servlet.ProxiedFilterChain.doFilter(ProxiedFilterChain.java:66)
	at org.apache.shiro.web.servlet.AbstractShiroFilter.executeChain(AbstractShiroFilter.java:449)
	at org.apache.shiro.web.servlet.AbstractShiroFilter$1.call(AbstractShiroFilter.java:365)
	at org.apache.shiro.subject.support.SubjectCallable.doCall(SubjectCallable.java:90)
	at org.apache.shiro.subject.support.SubjectCallable.call(SubjectCallable.java:83)
	at org.apache.shiro.subject.support.DelegatingSubject.execute(DelegatingSubject.java:387)
	at org.apache.shiro.web.servlet.AbstractShiroFilter.doFilterInternal(AbstractShiroFilter.java:362)
	at org.apache.shiro.web.servlet.OncePerRequestFilter.doFilter(OncePerRequestFilter.java:125)
	at org.apache.catalina.core.ApplicationFilterChain.internalDoFilter(ApplicationFilterChain.java:193)
	at org.apache.catalina.core.ApplicationFilterChain.doFilter(ApplicationFilterChain.java:166)
	at org.springframework.web.filter.RequestContextFilter.doFilterInternal(RequestContextFilter.java:100)
	at org.springframework.web.filter.OncePerRequestFilter.doFilter(OncePerRequestFilter.java:119)
	at org.apache.catalina.core.ApplicationFilterChain.internalDoFilter(ApplicationFilterChain.java:193)
	at org.apache.catalina.core.ApplicationFilterChain.doFilter(ApplicationFilterChain.java:166)
	at org.springframework.web.filter.FormContentFilter.doFilterInternal(FormContentFilter.java:93)
	at org.springframework.web.filter.OncePerRequestFilter.doFilter(OncePerRequestFilter.java:119)
	at org.apache.catalina.core.ApplicationFilterChain.internalDoFilter(ApplicationFilterChain.java:193)
	at org.apache.catalina.core.ApplicationFilterChain.doFilter(ApplicationFilterChain.java:166)
	at org.springframework.web.filter.CharacterEncodingFilter.doFilterInternal(CharacterEncodingFilter.java:201)
	at org.springframework.web.filter.OncePerRequestFilter.doFilter(OncePerRequestFilter.java:119)
	at org.apache.catalina.core.ApplicationFilterChain.internalDoFilter(ApplicationFilterChain.java:193)
	at org.apache.catalina.core.ApplicationFilterChain.doFilter(ApplicationFilterChain.java:166)
	at org.apache.catalina.core.StandardWrapperValve.invoke(StandardWrapperValve.java:202)
	at org.apache.catalina.core.StandardContextValve.invoke(StandardContextValve.java:96)
	at org.apache.catalina.authenticator.AuthenticatorBase.invoke(AuthenticatorBase.java:541)
	at org.apache.catalina.core.StandardHostValve.invoke(StandardHostValve.java:139)
	at org.apache.catalina.valves.ErrorReportValve.invoke(ErrorReportValve.java:92)
	at org.apache.catalina.core.StandardEngineValve.invoke(StandardEngineValve.java:74)
	at org.apache.catalina.connector.CoyoteAdapter.service(CoyoteAdapter.java:343)
	at org.apache.coyote.http11.Http11Processor.service(Http11Processor.java:373)
	at org.apache.coyote.AbstractProcessorLight.process(AbstractProcessorLight.java:65)
	at org.apache.coyote.AbstractProtocol$ConnectionHandler.process(AbstractProtocol.java:868)
	at org.apache.tomcat.util.net.NioEndpoint$SocketProcessor.doRun(NioEndpoint.java:1594)
	at org.apache.tomcat.util.net.SocketProcessorBase.run(SocketProcessorBase.java:49)
	at java.util.concurrent.ThreadPoolExecutor.runWorker(ThreadPoolExecutor.java:1142)
	at java.util.concurrent.ThreadPoolExecutor$Worker.run(ThreadPoolExecutor.java:617)
	at org.apache.tomcat.util.threads.TaskThread$WrappingRunnable.run(TaskThread.java:61)
	at java.lang.Thread.run(Thread.java:748)
Caused by: org.apache.ibatis.builder.BuilderException: Error invoking SqlProvider method (tk.mybatis.mapper.provider.base.BaseSelectProvider.dynamicSQL).  Cause: java.lang.InstantiationException: tk.mybatis.mapper.provider.base.BaseSelectProvider
	at org.apache.ibatis.builder.annotation.ProviderSqlSource.createSqlSource(ProviderSqlSource.java:134)
	at org.apache.ibatis.builder.annotation.ProviderSqlSource.getBoundSql(ProviderSqlSource.java:102)
	at org.apache.ibatis.mapping.MappedStatement.getBoundSql(MappedStatement.java:292)
	at org.apache.ibatis.executor.CachingExecutor.query(CachingExecutor.java:81)
	at org.apache.ibatis.session.defaults.DefaultSqlSession.selectList(DefaultSqlSession.java:148)
	at org.apache.ibatis.session.defaults.DefaultSqlSession.selectList(DefaultSqlSession.java:141)
	at org.apache.ibatis.session.defaults.DefaultSqlSession.selectOne(DefaultSqlSession.java:77)
	at sun.reflect.NativeMethodAccessorImpl.invoke0(Native Method)
	at sun.reflect.NativeMethodAccessorImpl.invoke(NativeMethodAccessorImpl.java:62)
	at sun.reflect.DelegatingMethodAccessorImpl.invoke(DelegatingMethodAccessorImpl.java:43)
	at java.lang.reflect.Method.invoke(Method.java:498)
	at org.mybatis.spring.SqlSessionTemplate$SqlSessionInterceptor.invoke(SqlSessionTemplate.java:433)
	... 79 common frames omitted
Caused by: java.lang.InstantiationException: tk.mybatis.mapper.provider.base.BaseSelectProvider
	at java.lang.Class.newInstance(Class.java:427)
	at org.apache.ibatis.builder.annotation.ProviderSqlSource.invokeProviderMethod(ProviderSqlSource.java:165)
	at org.apache.ibatis.builder.annotation.ProviderSqlSource.createSqlSource(ProviderSqlSource.java:116)
	... 90 common frames omitted
Caused by: java.lang.NoSuchMethodException: tk.mybatis.mapper.provider.base.BaseSelectProvider.<init>()
	at java.lang.Class.getConstructor0(Class.java:3082)
	at java.lang.Class.newInstance(Class.java:412)
	... 92 common frames omitted
2020-04-06 09:39:49 [http-nio-8888-exec-5] [31mWARN [0;39m [36morg.apache.shiro.authc.AbstractAuthenticator[0;39m - [31mAuthentication failed for token submission [org.apache.shiro.authc.UsernamePasswordToken - Tuzki, rememberMe=false].  Possible unexpected error? (Typical or expected login exceptions should extend from AuthenticationException).[0;39m 
org.mybatis.spring.MyBatisSystemException: nested exception is org.apache.ibatis.builder.BuilderException: Error invoking SqlProvider method (tk.mybatis.mapper.provider.base.BaseSelectProvider.dynamicSQL).  Cause: java.lang.InstantiationException: tk.mybatis.mapper.provider.base.BaseSelectProvider
	at org.mybatis.spring.MyBatisExceptionTranslator.translateExceptionIfPossible(MyBatisExceptionTranslator.java:77)
	at org.mybatis.spring.SqlSessionTemplate$SqlSessionInterceptor.invoke(SqlSessionTemplate.java:446)
	at com.sun.proxy.$Proxy66.selectOne(Unknown Source)
	at org.mybatis.spring.SqlSessionTemplate.selectOne(SqlSessionTemplate.java:166)
	at org.apache.ibatis.binding.MapperMethod.execute(MapperMethod.java:83)
	at org.apache.ibatis.binding.MapperProxy.invoke(MapperProxy.java:59)
	at com.sun.proxy.$Proxy72.selectOne(Unknown Source)
	at cn.kj.ebff.servce.Impl.UserServiceImpl.SelectUserByName(UserServiceImpl.java:36)
	at cn.kj.ebff.shiro.LoginRealm.doGetAuthenticationInfo(LoginRealm.java:62)
	at org.apache.shiro.realm.AuthenticatingRealm.getAuthenticationInfo(AuthenticatingRealm.java:571)
	at org.apache.shiro.authc.pam.ModularRealmAuthenticator.doSingleRealmAuthentication(ModularRealmAuthenticator.java:180)
	at org.apache.shiro.authc.pam.ModularRealmAuthenticator.doAuthenticate(ModularRealmAuthenticator.java:267)
	at org.apache.shiro.authc.AbstractAuthenticator.authenticate(AbstractAuthenticator.java:198)
	at org.apache.shiro.mgt.AuthenticatingSecurityManager.authenticate(AuthenticatingSecurityManager.java:106)
	at org.apache.shiro.mgt.DefaultSecurityManager.login(DefaultSecurityManager.java:274)
	at org.apache.shiro.subject.support.DelegatingSubject.login(DelegatingSubject.java:260)
	at cn.kj.ebff.controller.LoginController.login(LoginController.java:35)
	at sun.reflect.NativeMethodAccessorImpl.invoke0(Native Method)
	at sun.reflect.NativeMethodAccessorImpl.invoke(NativeMethodAccessorImpl.java:62)
	at sun.reflect.DelegatingMethodAccessorImpl.invoke(DelegatingMethodAccessorImpl.java:43)
	at java.lang.reflect.Method.invoke(Method.java:498)
	at org.springframework.web.method.support.InvocableHandlerMethod.doInvoke(InvocableHandlerMethod.java:190)
	at org.springframework.web.method.support.InvocableHandlerMethod.invokeForRequest(InvocableHandlerMethod.java:138)
	at org.springframework.web.servlet.mvc.method.annotation.ServletInvocableHandlerMethod.invokeAndHandle(ServletInvocableHandlerMethod.java:105)
	at org.springframework.web.servlet.mvc.method.annotation.RequestMappingHandlerAdapter.invokeHandlerMethod(RequestMappingHandlerAdapter.java:879)
	at org.springframework.web.servlet.mvc.method.annotation.RequestMappingHandlerAdapter.handleInternal(RequestMappingHandlerAdapter.java:793)
	at org.springframework.web.servlet.mvc.method.AbstractHandlerMethodAdapter.handle(AbstractHandlerMethodAdapter.java:87)
	at org.springframework.web.servlet.DispatcherServlet.doDispatch(DispatcherServlet.java:1040)
	at org.springframework.web.servlet.DispatcherServlet.doService(DispatcherServlet.java:943)
	at org.springframework.web.servlet.FrameworkServlet.processRequest(FrameworkServlet.java:1006)
	at org.springframework.web.servlet.FrameworkServlet.doPost(FrameworkServlet.java:909)
	at javax.servlet.http.HttpServlet.service(HttpServlet.java:660)
	at org.springframework.web.servlet.FrameworkServlet.service(FrameworkServlet.java:883)
	at javax.servlet.http.HttpServlet.service(HttpServlet.java:741)
	at org.apache.catalina.core.ApplicationFilterChain.internalDoFilter(ApplicationFilterChain.java:231)
	at org.apache.catalina.core.ApplicationFilterChain.doFilter(ApplicationFilterChain.java:166)
	at org.apache.tomcat.websocket.server.WsFilter.doFilter(WsFilter.java:53)
	at org.apache.catalina.core.ApplicationFilterChain.internalDoFilter(ApplicationFilterChain.java:193)
	at org.apache.catalina.core.ApplicationFilterChain.doFilter(ApplicationFilterChain.java:166)
	at org.apache.shiro.web.servlet.ProxiedFilterChain.doFilter(ProxiedFilterChain.java:61)
	at org.apache.shiro.web.servlet.AdviceFilter.executeChain(AdviceFilter.java:108)
	at org.apache.shiro.web.servlet.AdviceFilter.doFilterInternal(AdviceFilter.java:137)
	at org.apache.shiro.web.servlet.OncePerRequestFilter.doFilter(OncePerRequestFilter.java:125)
	at org.apache.shiro.web.servlet.ProxiedFilterChain.doFilter(ProxiedFilterChain.java:66)
	at org.apache.shiro.web.servlet.AbstractShiroFilter.executeChain(AbstractShiroFilter.java:449)
	at org.apache.shiro.web.servlet.AbstractShiroFilter$1.call(AbstractShiroFilter.java:365)
	at org.apache.shiro.subject.support.SubjectCallable.doCall(SubjectCallable.java:90)
	at org.apache.shiro.subject.support.SubjectCallable.call(SubjectCallable.java:83)
	at org.apache.shiro.subject.support.DelegatingSubject.execute(DelegatingSubject.java:387)
	at org.apache.shiro.web.servlet.AbstractShiroFilter.doFilterInternal(AbstractShiroFilter.java:362)
	at org.apache.shiro.web.servlet.OncePerRequestFilter.doFilter(OncePerRequestFilter.java:125)
	at org.apache.catalina.core.ApplicationFilterChain.internalDoFilter(ApplicationFilterChain.java:193)
	at org.apache.catalina.core.ApplicationFilterChain.doFilter(ApplicationFilterChain.java:166)
	at org.springframework.web.filter.RequestContextFilter.doFilterInternal(RequestContextFilter.java:100)
	at org.springframework.web.filter.OncePerRequestFilter.doFilter(OncePerRequestFilter.java:119)
	at org.apache.catalina.core.ApplicationFilterChain.internalDoFilter(ApplicationFilterChain.java:193)
	at org.apache.catalina.core.ApplicationFilterChain.doFilter(ApplicationFilterChain.java:166)
	at org.springframework.web.filter.FormContentFilter.doFilterInternal(FormContentFilter.java:93)
	at org.springframework.web.filter.OncePerRequestFilter.doFilter(OncePerRequestFilter.java:119)
	at org.apache.catalina.core.ApplicationFilterChain.internalDoFilter(ApplicationFilterChain.java:193)
	at org.apache.catalina.core.ApplicationFilterChain.doFilter(ApplicationFilterChain.java:166)
	at org.springframework.web.filter.CharacterEncodingFilter.doFilterInternal(CharacterEncodingFilter.java:201)
	at org.springframework.web.filter.OncePerRequestFilter.doFilter(OncePerRequestFilter.java:119)
	at org.apache.catalina.core.ApplicationFilterChain.internalDoFilter(ApplicationFilterChain.java:193)
	at org.apache.catalina.core.ApplicationFilterChain.doFilter(ApplicationFilterChain.java:166)
	at org.apache.catalina.core.StandardWrapperValve.invoke(StandardWrapperValve.java:202)
	at org.apache.catalina.core.StandardContextValve.invoke(StandardContextValve.java:96)
	at org.apache.catalina.authenticator.AuthenticatorBase.invoke(AuthenticatorBase.java:541)
	at org.apache.catalina.core.StandardHostValve.invoke(StandardHostValve.java:139)
	at org.apache.catalina.valves.ErrorReportValve.invoke(ErrorReportValve.java:92)
	at org.apache.catalina.core.StandardEngineValve.invoke(StandardEngineValve.java:74)
	at org.apache.catalina.connector.CoyoteAdapter.service(CoyoteAdapter.java:343)
	at org.apache.coyote.http11.Http11Processor.service(Http11Processor.java:373)
	at org.apache.coyote.AbstractProcessorLight.process(AbstractProcessorLight.java:65)
	at org.apache.coyote.AbstractProtocol$ConnectionHandler.process(AbstractProtocol.java:868)
	at org.apache.tomcat.util.net.NioEndpoint$SocketProcessor.doRun(NioEndpoint.java:1594)
	at org.apache.tomcat.util.net.SocketProcessorBase.run(SocketProcessorBase.java:49)
	at java.util.concurrent.ThreadPoolExecutor.runWorker(ThreadPoolExecutor.java:1142)
	at java.util.concurrent.ThreadPoolExecutor$Worker.run(ThreadPoolExecutor.java:617)
	at org.apache.tomcat.util.threads.TaskThread$WrappingRunnable.run(TaskThread.java:61)
	at java.lang.Thread.run(Thread.java:748)
Caused by: org.apache.ibatis.builder.BuilderException: Error invoking SqlProvider method (tk.mybatis.mapper.provider.base.BaseSelectProvider.dynamicSQL).  Cause: java.lang.InstantiationException: tk.mybatis.mapper.provider.base.BaseSelectProvider
	at org.apache.ibatis.builder.annotation.ProviderSqlSource.createSqlSource(ProviderSqlSource.java:134)
	at org.apache.ibatis.builder.annotation.ProviderSqlSource.getBoundSql(ProviderSqlSource.java:102)
	at org.apache.ibatis.mapping.MappedStatement.getBoundSql(MappedStatement.java:292)
	at org.apache.ibatis.executor.CachingExecutor.query(CachingExecutor.java:81)
	at org.apache.ibatis.session.defaults.DefaultSqlSession.selectList(DefaultSqlSession.java:148)
	at org.apache.ibatis.session.defaults.DefaultSqlSession.selectList(DefaultSqlSession.java:141)
	at org.apache.ibatis.session.defaults.DefaultSqlSession.selectOne(DefaultSqlSession.java:77)
	at sun.reflect.NativeMethodAccessorImpl.invoke0(Native Method)
	at sun.reflect.NativeMethodAccessorImpl.invoke(NativeMethodAccessorImpl.java:62)
	at sun.reflect.DelegatingMethodAccessorImpl.invoke(DelegatingMethodAccessorImpl.java:43)
	at java.lang.reflect.Method.invoke(Method.java:498)
	at org.mybatis.spring.SqlSessionTemplate$SqlSessionInterceptor.invoke(SqlSessionTemplate.java:433)
	... 79 common frames omitted
Caused by: java.lang.InstantiationException: tk.mybatis.mapper.provider.base.BaseSelectProvider
	at java.lang.Class.newInstance(Class.java:427)
	at org.apache.ibatis.builder.annotation.ProviderSqlSource.invokeProviderMethod(ProviderSqlSource.java:165)
	at org.apache.ibatis.builder.annotation.ProviderSqlSource.createSqlSource(ProviderSqlSource.java:116)
	... 90 common frames omitted
Caused by: java.lang.NoSuchMethodException: tk.mybatis.mapper.provider.base.BaseSelectProvider.<init>()
	at java.lang.Class.getConstructor0(Class.java:3082)
	at java.lang.Class.newInstance(Class.java:412)
	... 92 common frames omitted
2020-04-06 09:40:53 [main] [31mWARN [0;39m [36morg.mybatis.spring.mapper.ClassPathMapperScanner[0;39m - [31mSkipping MapperFactoryBean with name 'roleMapper' and 'cn.kj.ebff.mapper.RoleMapper' mapperInterface. Bean already defined with the same name![0;39m 
2020-04-06 09:40:53 [main] [31mWARN [0;39m [36morg.mybatis.spring.mapper.ClassPathMapperScanner[0;39m - [31mSkipping MapperFactoryBean with name 'roleWithResourceMapper' and 'cn.kj.ebff.mapper.RoleWithResourceMapper' mapperInterface. Bean already defined with the same name![0;39m 
2020-04-06 09:40:53 [main] [31mWARN [0;39m [36morg.mybatis.spring.mapper.ClassPathMapperScanner[0;39m - [31mSkipping MapperFactoryBean with name 'userMapper' and 'cn.kj.ebff.mapper.UserMapper' mapperInterface. Bean already defined with the same name![0;39m 
2020-04-06 09:40:53 [main] [31mWARN [0;39m [36morg.mybatis.spring.mapper.ClassPathMapperScanner[0;39m - [31mSkipping MapperFactoryBean with name 'userWithRoleMapper' and 'cn.kj.ebff.mapper.UserWithRoleMapper' mapperInterface. Bean already defined with the same name![0;39m 
2020-04-06 09:40:53 [main] [31mWARN [0;39m [36morg.mybatis.spring.mapper.ClassPathMapperScanner[0;39m - [31mNo MyBatis mapper was found in '[cn.kj.ebff]' package. Please check your configuration.[0;39m 
2020-04-06 09:42:36 [main] [31mWARN [0;39m [36morg.mybatis.spring.mapper.ClassPathMapperScanner[0;39m - [31mSkipping MapperFactoryBean with name 'roleMapper' and 'cn.kj.ebff.mapper.RoleMapper' mapperInterface. Bean already defined with the same name![0;39m 
2020-04-06 09:42:36 [main] [31mWARN [0;39m [36morg.mybatis.spring.mapper.ClassPathMapperScanner[0;39m - [31mSkipping MapperFactoryBean with name 'roleWithResourceMapper' and 'cn.kj.ebff.mapper.RoleWithResourceMapper' mapperInterface. Bean already defined with the same name![0;39m 
2020-04-06 09:42:36 [main] [31mWARN [0;39m [36morg.mybatis.spring.mapper.ClassPathMapperScanner[0;39m - [31mSkipping MapperFactoryBean with name 'userMapper' and 'cn.kj.ebff.mapper.UserMapper' mapperInterface. Bean already defined with the same name![0;39m 
2020-04-06 09:42:36 [main] [31mWARN [0;39m [36morg.mybatis.spring.mapper.ClassPathMapperScanner[0;39m - [31mSkipping MapperFactoryBean with name 'userWithRoleMapper' and 'cn.kj.ebff.mapper.UserWithRoleMapper' mapperInterface. Bean already defined with the same name![0;39m 
2020-04-06 09:42:36 [main] [31mWARN [0;39m [36morg.mybatis.spring.mapper.ClassPathMapperScanner[0;39m - [31mNo MyBatis mapper was found in '[cn.kj.ebff]' package. Please check your configuration.[0;39m 
2020-04-06 09:54:54 [main] [31mWARN [0;39m [36morg.mybatis.spring.mapper.ClassPathMapperScanner[0;39m - [31mSkipping MapperFactoryBean with name 'roleMapper' and 'cn.kj.ebff.mapper.RoleMapper' mapperInterface. Bean already defined with the same name![0;39m 
2020-04-06 09:54:54 [main] [31mWARN [0;39m [36morg.mybatis.spring.mapper.ClassPathMapperScanner[0;39m - [31mSkipping MapperFactoryBean with name 'roleWithResourceMapper' and 'cn.kj.ebff.mapper.RoleWithResourceMapper' mapperInterface. Bean already defined with the same name![0;39m 
2020-04-06 09:54:54 [main] [31mWARN [0;39m [36morg.mybatis.spring.mapper.ClassPathMapperScanner[0;39m - [31mSkipping MapperFactoryBean with name 'userMapper' and 'cn.kj.ebff.mapper.UserMapper' mapperInterface. Bean already defined with the same name![0;39m 
2020-04-06 09:54:54 [main] [31mWARN [0;39m [36morg.mybatis.spring.mapper.ClassPathMapperScanner[0;39m - [31mSkipping MapperFactoryBean with name 'userWithRoleMapper' and 'cn.kj.ebff.mapper.UserWithRoleMapper' mapperInterface. Bean already defined with the same name![0;39m 
2020-04-06 09:54:54 [main] [31mWARN [0;39m [36morg.mybatis.spring.mapper.ClassPathMapperScanner[0;39m - [31mNo MyBatis mapper was found in '[cn.kj.ebff]' package. Please check your configuration.[0;39m 
