2020-04-06 09:24:30 [main] [34mINFO [0;39m [36mcn.kj.ebff.EbffApplication[0;39m - [34mStarting EbffApplication on DESKTOP-9AJN4VM with PID 24024 (F:\IDEA\ebff\target\classes started by 25414 in F:\IDEA\ebff)[0;39m 
2020-04-06 09:24:30 [main] [34mINFO [0;39m [36mcn.kj.ebff.EbffApplication[0;39m - [34mNo active profile set, falling back to default profiles: default[0;39m 
2020-04-06 09:24:32 [main] [34mINFO [0;39m [36mo.s.c.s.PostProcessorRegistrationDelegate$BeanPostProcessorChecker[0;39m - [34mBean 'shiroConfig' of type [cn.kj.ebff.shiro.ShiroConfig$$EnhancerBySpringCGLIB$$89f3e2fb] is not eligible for getting processed by all BeanPostProcessors (for example: not eligible for auto-proxying)[0;39m 
2020-04-06 09:24:32 [main] [34mINFO [0;39m [36mo.s.c.s.PostProcessorRegistrationDelegate$BeanPostProcessorChecker[0;39m - [34mBean 'mybatis-tk.mybatis.mapper.autoconfigure.MybatisProperties' of type [tk.mybatis.mapper.autoconfigure.MybatisProperties] is not eligible for getting processed by all BeanPostProcessors (for example: not eligible for auto-proxying)[0;39m 
2020-04-06 09:24:32 [main] [34mINFO [0;39m [36mo.s.c.s.PostProcessorRegistrationDelegate$BeanPostProcessorChecker[0;39m - [34mBean 'tk.mybatis.mapper.autoconfigure.MapperAutoConfiguration' of type [tk.mybatis.mapper.autoconfigure.MapperAutoConfiguration$$EnhancerBySpringCGLIB$$a569ddfe] is not eligible for getting processed by all BeanPostProcessors (for example: not eligible for auto-proxying)[0;39m 
2020-04-06 09:24:32 [main] [34mINFO [0;39m [36mo.s.c.s.PostProcessorRegistrationDelegate$BeanPostProcessorChecker[0;39m - [34mBean 'org.springframework.boot.autoconfigure.jdbc.DataSourceConfiguration$Hikari' of type [org.springframework.boot.autoconfigure.jdbc.DataSourceConfiguration$Hikari] is not eligible for getting processed by all BeanPostProcessors (for example: not eligible for auto-proxying)[0;39m 
2020-04-06 09:24:32 [main] [34mINFO [0;39m [36mo.s.c.s.PostProcessorRegistrationDelegate$BeanPostProcessorChecker[0;39m - [34mBean 'spring.datasource-org.springframework.boot.autoconfigure.jdbc.DataSourceProperties' of type [org.springframework.boot.autoconfigure.jdbc.DataSourceProperties] is not eligible for getting processed by all BeanPostProcessors (for example: not eligible for auto-proxying)[0;39m 
2020-04-06 09:24:32 [main] [34mINFO [0;39m [36mo.s.c.s.PostProcessorRegistrationDelegate$BeanPostProcessorChecker[0;39m - [34mBean 'dataSource' of type [com.zaxxer.hikari.HikariDataSource] is not eligible for getting processed by all BeanPostProcessors (for example: not eligible for auto-proxying)[0;39m 
2020-04-06 09:24:32 [main] [34mINFO [0;39m [36mo.s.c.s.PostProcessorRegistrationDelegate$BeanPostProcessorChecker[0;39m - [34mBean 'org.springframework.boot.autoconfigure.jdbc.DataSourceInitializerInvoker' of type [org.springframework.boot.autoconfigure.jdbc.DataSourceInitializerInvoker] is not eligible for getting processed by all BeanPostProcessors (for example: not eligible for auto-proxying)[0;39m 
2020-04-06 09:24:33 [main] [34mINFO [0;39m [36mo.s.c.s.PostProcessorRegistrationDelegate$BeanPostProcessorChecker[0;39m - [34mBean 'sqlSessionFactory' of type [org.apache.ibatis.session.defaults.DefaultSqlSessionFactory] is not eligible for getting processed by all BeanPostProcessors (for example: not eligible for auto-proxying)[0;39m 
2020-04-06 09:24:33 [main] [34mINFO [0;39m [36mo.s.c.s.PostProcessorRegistrationDelegate$BeanPostProcessorChecker[0;39m - [34mBean 'sqlSessionTemplate' of type [org.mybatis.spring.SqlSessionTemplate] is not eligible for getting processed by all BeanPostProcessors (for example: not eligible for auto-proxying)[0;39m 
2020-04-06 09:24:33 [main] [34mINFO [0;39m [36mo.s.c.s.PostProcessorRegistrationDelegate$BeanPostProcessorChecker[0;39m - [34mBean 'userMapper' of type [org.mybatis.spring.mapper.MapperFactoryBean] is not eligible for getting processed by all BeanPostProcessors (for example: not eligible for auto-proxying)[0;39m 
2020-04-06 09:24:33 [main] [34mINFO [0;39m [36mo.s.c.s.PostProcessorRegistrationDelegate$BeanPostProcessorChecker[0;39m - [34mBean 'userMapper' of type [com.sun.proxy.$Proxy72] is not eligible for getting processed by all BeanPostProcessors (for example: not eligible for auto-proxying)[0;39m 
2020-04-06 09:24:33 [main] [34mINFO [0;39m [36mo.s.c.s.PostProcessorRegistrationDelegate$BeanPostProcessorChecker[0;39m - [34mBean 'userServiceImpl' of type [cn.kj.ebff.servce.Impl.UserServiceImpl] is not eligible for getting processed by all BeanPostProcessors (for example: not eligible for auto-proxying)[0;39m 
2020-04-06 09:24:33 [main] [34mINFO [0;39m [36mo.s.c.s.PostProcessorRegistrationDelegate$BeanPostProcessorChecker[0;39m - [34mBean 'userWithRoleMapper' of type [org.mybatis.spring.mapper.MapperFactoryBean] is not eligible for getting processed by all BeanPostProcessors (for example: not eligible for auto-proxying)[0;39m 
2020-04-06 09:24:33 [main] [34mINFO [0;39m [36mo.s.c.s.PostProcessorRegistrationDelegate$BeanPostProcessorChecker[0;39m - [34mBean 'userWithRoleMapper' of type [com.sun.proxy.$Proxy74] is not eligible for getting processed by all BeanPostProcessors (for example: not eligible for auto-proxying)[0;39m 
2020-04-06 09:24:33 [main] [34mINFO [0;39m [36mo.s.c.s.PostProcessorRegistrationDelegate$BeanPostProcessorChecker[0;39m - [34mBean 'userWithRoleServiceImpl' of type [cn.kj.ebff.servce.Impl.UserWithRoleServiceImpl] is not eligible for getting processed by all BeanPostProcessors (for example: not eligible for auto-proxying)[0;39m 
2020-04-06 09:24:33 [main] [34mINFO [0;39m [36mo.s.c.s.PostProcessorRegistrationDelegate$BeanPostProcessorChecker[0;39m - [34mBean 'roleWithResourceMapper' of type [org.mybatis.spring.mapper.MapperFactoryBean] is not eligible for getting processed by all BeanPostProcessors (for example: not eligible for auto-proxying)[0;39m 
2020-04-06 09:24:33 [main] [34mINFO [0;39m [36mo.s.c.s.PostProcessorRegistrationDelegate$BeanPostProcessorChecker[0;39m - [34mBean 'roleWithResourceMapper' of type [com.sun.proxy.$Proxy75] is not eligible for getting processed by all BeanPostProcessors (for example: not eligible for auto-proxying)[0;39m 
2020-04-06 09:24:33 [main] [34mINFO [0;39m [36mo.s.c.s.PostProcessorRegistrationDelegate$BeanPostProcessorChecker[0;39m - [34mBean 'roleWithResourceServiceImpl' of type [cn.kj.ebff.servce.Impl.RoleWithResourceServiceImpl] is not eligible for getting processed by all BeanPostProcessors (for example: not eligible for auto-proxying)[0;39m 
2020-04-06 09:24:33 [main] [34mINFO [0;39m [36mo.s.c.s.PostProcessorRegistrationDelegate$BeanPostProcessorChecker[0;39m - [34mBean 'customRealm' of type [cn.kj.ebff.shiro.LoginRealm] is not eligible for getting processed by all BeanPostProcessors (for example: not eligible for auto-proxying)[0;39m 
2020-04-06 09:24:34 [main] [34mINFO [0;39m [36mo.s.c.s.PostProcessorRegistrationDelegate$BeanPostProcessorChecker[0;39m - [34mBean 'defaultWebSecurityManager' of type [org.apache.shiro.web.mgt.DefaultWebSecurityManager] is not eligible for getting processed by all BeanPostProcessors (for example: not eligible for auto-proxying)[0;39m 
2020-04-06 09:24:35 [main] [34mINFO [0;39m [36mo.s.boot.web.embedded.tomcat.TomcatWebServer[0;39m - [34mTomcat initialized with port(s): 8888 (http)[0;39m 
2020-04-06 09:24:35 [main] [34mINFO [0;39m [36morg.apache.coyote.http11.Http11NioProtocol[0;39m - [34mInitializing ProtocolHandler ["http-nio-8888"][0;39m 
2020-04-06 09:24:35 [main] [34mINFO [0;39m [36morg.apache.catalina.core.StandardService[0;39m - [34mStarting service [Tomcat][0;39m 
2020-04-06 09:24:35 [main] [34mINFO [0;39m [36morg.apache.catalina.core.StandardEngine[0;39m - [34mStarting Servlet engine: [Apache Tomcat/9.0.33][0;39m 
2020-04-06 09:24:35 [main] [34mINFO [0;39m [36mo.a.c.core.ContainerBase.[Tomcat].[localhost].[/][0;39m - [34mInitializing Spring embedded WebApplicationContext[0;39m 
2020-04-06 09:24:35 [main] [34mINFO [0;39m [36morg.springframework.web.context.ContextLoader[0;39m - [34mRoot WebApplicationContext: initialization completed in 4468 ms[0;39m 
2020-04-06 09:24:35 [main] [34mINFO [0;39m [36morg.apache.catalina.core.StandardService[0;39m - [34mStopping service [Tomcat][0;39m 
2020-04-06 09:24:35 [main] [34mINFO [0;39m [36mo.s.b.a.l.ConditionEvaluationReportLoggingListener[0;39m - [34m

Error starting ApplicationContext. To display the conditions report re-run your application with 'debug' enabled.[0;39m 
2020-04-06 09:25:09 [main] [34mINFO [0;39m [36mcn.kj.ebff.EbffApplication[0;39m - [34mStarting EbffApplication on DESKTOP-9AJN4VM with PID 14944 (F:\IDEA\ebff\target\classes started by 25414 in F:\IDEA\ebff)[0;39m 
2020-04-06 09:25:09 [main] [34mINFO [0;39m [36mcn.kj.ebff.EbffApplication[0;39m - [34mNo active profile set, falling back to default profiles: default[0;39m 
2020-04-06 09:25:11 [main] [34mINFO [0;39m [36mo.s.c.s.PostProcessorRegistrationDelegate$BeanPostProcessorChecker[0;39m - [34mBean 'shiroConfig' of type [cn.kj.ebff.shiro.ShiroConfig$$EnhancerBySpringCGLIB$$e0a25ca0] is not eligible for getting processed by all BeanPostProcessors (for example: not eligible for auto-proxying)[0;39m 
2020-04-06 09:25:11 [main] [34mINFO [0;39m [36mo.s.c.s.PostProcessorRegistrationDelegate$BeanPostProcessorChecker[0;39m - [34mBean 'mybatis-tk.mybatis.mapper.autoconfigure.MybatisProperties' of type [tk.mybatis.mapper.autoconfigure.MybatisProperties] is not eligible for getting processed by all BeanPostProcessors (for example: not eligible for auto-proxying)[0;39m 
2020-04-06 09:25:11 [main] [34mINFO [0;39m [36mo.s.c.s.PostProcessorRegistrationDelegate$BeanPostProcessorChecker[0;39m - [34mBean 'tk.mybatis.mapper.autoconfigure.MapperAutoConfiguration' of type [tk.mybatis.mapper.autoconfigure.MapperAutoConfiguration$$EnhancerBySpringCGLIB$$fc1857a3] is not eligible for getting processed by all BeanPostProcessors (for example: not eligible for auto-proxying)[0;39m 
2020-04-06 09:25:11 [main] [34mINFO [0;39m [36mo.s.c.s.PostProcessorRegistrationDelegate$BeanPostProcessorChecker[0;39m - [34mBean 'org.springframework.boot.autoconfigure.jdbc.DataSourceConfiguration$Hikari' of type [org.springframework.boot.autoconfigure.jdbc.DataSourceConfiguration$Hikari] is not eligible for getting processed by all BeanPostProcessors (for example: not eligible for auto-proxying)[0;39m 
2020-04-06 09:25:11 [main] [34mINFO [0;39m [36mo.s.c.s.PostProcessorRegistrationDelegate$BeanPostProcessorChecker[0;39m - [34mBean 'spring.datasource-org.springframework.boot.autoconfigure.jdbc.DataSourceProperties' of type [org.springframework.boot.autoconfigure.jdbc.DataSourceProperties] is not eligible for getting processed by all BeanPostProcessors (for example: not eligible for auto-proxying)[0;39m 
2020-04-06 09:25:11 [main] [34mINFO [0;39m [36mo.s.c.s.PostProcessorRegistrationDelegate$BeanPostProcessorChecker[0;39m - [34mBean 'dataSource' of type [com.zaxxer.hikari.HikariDataSource] is not eligible for getting processed by all BeanPostProcessors (for example: not eligible for auto-proxying)[0;39m 
2020-04-06 09:25:11 [main] [34mINFO [0;39m [36mo.s.c.s.PostProcessorRegistrationDelegate$BeanPostProcessorChecker[0;39m - [34mBean 'org.springframework.boot.autoconfigure.jdbc.DataSourceInitializerInvoker' of type [org.springframework.boot.autoconfigure.jdbc.DataSourceInitializerInvoker] is not eligible for getting processed by all BeanPostProcessors (for example: not eligible for auto-proxying)[0;39m 
2020-04-06 09:25:11 [main] [34mINFO [0;39m [36mo.s.c.s.PostProcessorRegistrationDelegate$BeanPostProcessorChecker[0;39m - [34mBean 'sqlSessionFactory' of type [org.apache.ibatis.session.defaults.DefaultSqlSessionFactory] is not eligible for getting processed by all BeanPostProcessors (for example: not eligible for auto-proxying)[0;39m 
2020-04-06 09:25:11 [main] [34mINFO [0;39m [36mo.s.c.s.PostProcessorRegistrationDelegate$BeanPostProcessorChecker[0;39m - [34mBean 'sqlSessionTemplate' of type [org.mybatis.spring.SqlSessionTemplate] is not eligible for getting processed by all BeanPostProcessors (for example: not eligible for auto-proxying)[0;39m 
2020-04-06 09:25:11 [main] [34mINFO [0;39m [36mo.s.c.s.PostProcessorRegistrationDelegate$BeanPostProcessorChecker[0;39m - [34mBean 'userMapper' of type [org.mybatis.spring.mapper.MapperFactoryBean] is not eligible for getting processed by all BeanPostProcessors (for example: not eligible for auto-proxying)[0;39m 
2020-04-06 09:25:11 [main] [34mINFO [0;39m [36mo.s.c.s.PostProcessorRegistrationDelegate$BeanPostProcessorChecker[0;39m - [34mBean 'userMapper' of type [com.sun.proxy.$Proxy72] is not eligible for getting processed by all BeanPostProcessors (for example: not eligible for auto-proxying)[0;39m 
2020-04-06 09:25:11 [main] [34mINFO [0;39m [36mo.s.c.s.PostProcessorRegistrationDelegate$BeanPostProcessorChecker[0;39m - [34mBean 'userServiceImpl' of type [cn.kj.ebff.servce.Impl.UserServiceImpl] is not eligible for getting processed by all BeanPostProcessors (for example: not eligible for auto-proxying)[0;39m 
2020-04-06 09:25:11 [main] [34mINFO [0;39m [36mo.s.c.s.PostProcessorRegistrationDelegate$BeanPostProcessorChecker[0;39m - [34mBean 'userWithRoleMapper' of type [org.mybatis.spring.mapper.MapperFactoryBean] is not eligible for getting processed by all BeanPostProcessors (for example: not eligible for auto-proxying)[0;39m 
2020-04-06 09:25:11 [main] [34mINFO [0;39m [36mo.s.c.s.PostProcessorRegistrationDelegate$BeanPostProcessorChecker[0;39m - [34mBean 'userWithRoleMapper' of type [com.sun.proxy.$Proxy74] is not eligible for getting processed by all BeanPostProcessors (for example: not eligible for auto-proxying)[0;39m 
2020-04-06 09:25:11 [main] [34mINFO [0;39m [36mo.s.c.s.PostProcessorRegistrationDelegate$BeanPostProcessorChecker[0;39m - [34mBean 'userWithRoleServiceImpl' of type [cn.kj.ebff.servce.Impl.UserWithRoleServiceImpl] is not eligible for getting processed by all BeanPostProcessors (for example: not eligible for auto-proxying)[0;39m 
2020-04-06 09:25:11 [main] [34mINFO [0;39m [36mo.s.c.s.PostProcessorRegistrationDelegate$BeanPostProcessorChecker[0;39m - [34mBean 'roleWithResourceMapper' of type [org.mybatis.spring.mapper.MapperFactoryBean] is not eligible for getting processed by all BeanPostProcessors (for example: not eligible for auto-proxying)[0;39m 
2020-04-06 09:25:11 [main] [34mINFO [0;39m [36mo.s.c.s.PostProcessorRegistrationDelegate$BeanPostProcessorChecker[0;39m - [34mBean 'roleWithResourceMapper' of type [com.sun.proxy.$Proxy75] is not eligible for getting processed by all BeanPostProcessors (for example: not eligible for auto-proxying)[0;39m 
2020-04-06 09:25:11 [main] [34mINFO [0;39m [36mo.s.c.s.PostProcessorRegistrationDelegate$BeanPostProcessorChecker[0;39m - [34mBean 'roleWithResourceServiceImpl' of type [cn.kj.ebff.servce.Impl.RoleWithResourceServiceImpl] is not eligible for getting processed by all BeanPostProcessors (for example: not eligible for auto-proxying)[0;39m 
2020-04-06 09:25:11 [main] [34mINFO [0;39m [36mo.s.c.s.PostProcessorRegistrationDelegate$BeanPostProcessorChecker[0;39m - [34mBean 'customRealm' of type [cn.kj.ebff.shiro.LoginRealm] is not eligible for getting processed by all BeanPostProcessors (for example: not eligible for auto-proxying)[0;39m 
2020-04-06 09:25:12 [main] [34mINFO [0;39m [36mo.s.c.s.PostProcessorRegistrationDelegate$BeanPostProcessorChecker[0;39m - [34mBean 'defaultWebSecurityManager' of type [org.apache.shiro.web.mgt.DefaultWebSecurityManager] is not eligible for getting processed by all BeanPostProcessors (for example: not eligible for auto-proxying)[0;39m 
2020-04-06 09:25:55 [main] [34mINFO [0;39m [36mo.s.boot.web.embedded.tomcat.TomcatWebServer[0;39m - [34mTomcat initialized with port(s): 8888 (http)[0;39m 
2020-04-06 09:25:55 [main] [34mINFO [0;39m [36morg.apache.coyote.http11.Http11NioProtocol[0;39m - [34mInitializing ProtocolHandler ["http-nio-8888"][0;39m 
2020-04-06 09:25:55 [main] [34mINFO [0;39m [36morg.apache.catalina.core.StandardService[0;39m - [34mStarting service [Tomcat][0;39m 
2020-04-06 09:25:55 [main] [34mINFO [0;39m [36morg.apache.catalina.core.StandardEngine[0;39m - [34mStarting Servlet engine: [Apache Tomcat/9.0.33][0;39m 
2020-04-06 09:25:55 [main] [34mINFO [0;39m [36mo.a.c.core.ContainerBase.[Tomcat].[localhost].[/][0;39m - [34mInitializing Spring embedded WebApplicationContext[0;39m 
2020-04-06 09:25:55 [main] [34mINFO [0;39m [36morg.springframework.web.context.ContextLoader[0;39m - [34mRoot WebApplicationContext: initialization completed in 45589 ms[0;39m 
2020-04-06 09:25:55 [main] [34mINFO [0;39m [36morg.apache.catalina.core.StandardService[0;39m - [34mStopping service [Tomcat][0;39m 
2020-04-06 09:25:55 [main] [34mINFO [0;39m [36mo.s.b.a.l.ConditionEvaluationReportLoggingListener[0;39m - [34m

Error starting ApplicationContext. To display the conditions report re-run your application with 'debug' enabled.[0;39m 
2020-04-06 09:28:10 [main] [34mINFO [0;39m [36mcn.kj.ebff.EbffApplication[0;39m - [34mStarting EbffApplication on DESKTOP-9AJN4VM with PID 31276 (F:\IDEA\ebff\target\classes started by 25414 in F:\IDEA\ebff)[0;39m 
2020-04-06 09:28:10 [main] [34mINFO [0;39m [36mcn.kj.ebff.EbffApplication[0;39m - [34mNo active profile set, falling back to default profiles: default[0;39m 
2020-04-06 09:28:11 [main] [34mINFO [0;39m [36mo.s.c.s.PostProcessorRegistrationDelegate$BeanPostProcessorChecker[0;39m - [34mBean 'shiroConfig' of type [cn.kj.ebff.shiro.ShiroConfig$$EnhancerBySpringCGLIB$$eb21b4a8] is not eligible for getting processed by all BeanPostProcessors (for example: not eligible for auto-proxying)[0;39m 
2020-04-06 09:28:11 [main] [34mINFO [0;39m [36mo.s.c.s.PostProcessorRegistrationDelegate$BeanPostProcessorChecker[0;39m - [34mBean 'mybatis-tk.mybatis.mapper.autoconfigure.MybatisProperties' of type [tk.mybatis.mapper.autoconfigure.MybatisProperties] is not eligible for getting processed by all BeanPostProcessors (for example: not eligible for auto-proxying)[0;39m 
2020-04-06 09:28:11 [main] [34mINFO [0;39m [36mo.s.c.s.PostProcessorRegistrationDelegate$BeanPostProcessorChecker[0;39m - [34mBean 'tk.mybatis.mapper.autoconfigure.MapperAutoConfiguration' of type [tk.mybatis.mapper.autoconfigure.MapperAutoConfiguration$$EnhancerBySpringCGLIB$$697afab] is not eligible for getting processed by all BeanPostProcessors (for example: not eligible for auto-proxying)[0;39m 
2020-04-06 09:28:11 [main] [34mINFO [0;39m [36mo.s.c.s.PostProcessorRegistrationDelegate$BeanPostProcessorChecker[0;39m - [34mBean 'org.springframework.boot.autoconfigure.jdbc.DataSourceConfiguration$Hikari' of type [org.springframework.boot.autoconfigure.jdbc.DataSourceConfiguration$Hikari] is not eligible for getting processed by all BeanPostProcessors (for example: not eligible for auto-proxying)[0;39m 
2020-04-06 09:28:11 [main] [34mINFO [0;39m [36mo.s.c.s.PostProcessorRegistrationDelegate$BeanPostProcessorChecker[0;39m - [34mBean 'spring.datasource-org.springframework.boot.autoconfigure.jdbc.DataSourceProperties' of type [org.springframework.boot.autoconfigure.jdbc.DataSourceProperties] is not eligible for getting processed by all BeanPostProcessors (for example: not eligible for auto-proxying)[0;39m 
2020-04-06 09:28:11 [main] [34mINFO [0;39m [36mo.s.c.s.PostProcessorRegistrationDelegate$BeanPostProcessorChecker[0;39m - [34mBean 'dataSource' of type [com.zaxxer.hikari.HikariDataSource] is not eligible for getting processed by all BeanPostProcessors (for example: not eligible for auto-proxying)[0;39m 
2020-04-06 09:28:11 [main] [34mINFO [0;39m [36mo.s.c.s.PostProcessorRegistrationDelegate$BeanPostProcessorChecker[0;39m - [34mBean 'org.springframework.boot.autoconfigure.jdbc.DataSourceInitializerInvoker' of type [org.springframework.boot.autoconfigure.jdbc.DataSourceInitializerInvoker] is not eligible for getting processed by all BeanPostProcessors (for example: not eligible for auto-proxying)[0;39m 
2020-04-06 09:28:12 [main] [34mINFO [0;39m [36mo.s.c.s.PostProcessorRegistrationDelegate$BeanPostProcessorChecker[0;39m - [34mBean 'sqlSessionFactory' of type [org.apache.ibatis.session.defaults.DefaultSqlSessionFactory] is not eligible for getting processed by all BeanPostProcessors (for example: not eligible for auto-proxying)[0;39m 
2020-04-06 09:28:12 [main] [34mINFO [0;39m [36mo.s.c.s.PostProcessorRegistrationDelegate$BeanPostProcessorChecker[0;39m - [34mBean 'sqlSessionTemplate' of type [org.mybatis.spring.SqlSessionTemplate] is not eligible for getting processed by all BeanPostProcessors (for example: not eligible for auto-proxying)[0;39m 
2020-04-06 09:28:12 [main] [34mINFO [0;39m [36mo.s.c.s.PostProcessorRegistrationDelegate$BeanPostProcessorChecker[0;39m - [34mBean 'userMapper' of type [org.mybatis.spring.mapper.MapperFactoryBean] is not eligible for getting processed by all BeanPostProcessors (for example: not eligible for auto-proxying)[0;39m 
2020-04-06 09:28:12 [main] [34mINFO [0;39m [36mo.s.c.s.PostProcessorRegistrationDelegate$BeanPostProcessorChecker[0;39m - [34mBean 'userMapper' of type [com.sun.proxy.$Proxy72] is not eligible for getting processed by all BeanPostProcessors (for example: not eligible for auto-proxying)[0;39m 
2020-04-06 09:28:12 [main] [34mINFO [0;39m [36mo.s.c.s.PostProcessorRegistrationDelegate$BeanPostProcessorChecker[0;39m - [34mBean 'userServiceImpl' of type [cn.kj.ebff.servce.Impl.UserServiceImpl] is not eligible for getting processed by all BeanPostProcessors (for example: not eligible for auto-proxying)[0;39m 
2020-04-06 09:28:12 [main] [34mINFO [0;39m [36mo.s.c.s.PostProcessorRegistrationDelegate$BeanPostProcessorChecker[0;39m - [34mBean 'userWithRoleMapper' of type [org.mybatis.spring.mapper.MapperFactoryBean] is not eligible for getting processed by all BeanPostProcessors (for example: not eligible for auto-proxying)[0;39m 
2020-04-06 09:28:12 [main] [34mINFO [0;39m [36mo.s.c.s.PostProcessorRegistrationDelegate$BeanPostProcessorChecker[0;39m - [34mBean 'userWithRoleMapper' of type [com.sun.proxy.$Proxy74] is not eligible for getting processed by all BeanPostProcessors (for example: not eligible for auto-proxying)[0;39m 
2020-04-06 09:28:12 [main] [34mINFO [0;39m [36mo.s.c.s.PostProcessorRegistrationDelegate$BeanPostProcessorChecker[0;39m - [34mBean 'userWithRoleServiceImpl' of type [cn.kj.ebff.servce.Impl.UserWithRoleServiceImpl] is not eligible for getting processed by all BeanPostProcessors (for example: not eligible for auto-proxying)[0;39m 
2020-04-06 09:28:12 [main] [34mINFO [0;39m [36mo.s.c.s.PostProcessorRegistrationDelegate$BeanPostProcessorChecker[0;39m - [34mBean 'roleWithResourceMapper' of type [org.mybatis.spring.mapper.MapperFactoryBean] is not eligible for getting processed by all BeanPostProcessors (for example: not eligible for auto-proxying)[0;39m 
2020-04-06 09:28:12 [main] [34mINFO [0;39m [36mo.s.c.s.PostProcessorRegistrationDelegate$BeanPostProcessorChecker[0;39m - [34mBean 'roleWithResourceMapper' of type [com.sun.proxy.$Proxy75] is not eligible for getting processed by all BeanPostProcessors (for example: not eligible for auto-proxying)[0;39m 
2020-04-06 09:28:12 [main] [34mINFO [0;39m [36mo.s.c.s.PostProcessorRegistrationDelegate$BeanPostProcessorChecker[0;39m - [34mBean 'roleWithResourceServiceImpl' of type [cn.kj.ebff.servce.Impl.RoleWithResourceServiceImpl] is not eligible for getting processed by all BeanPostProcessors (for example: not eligible for auto-proxying)[0;39m 
2020-04-06 09:28:12 [main] [34mINFO [0;39m [36mo.s.c.s.PostProcessorRegistrationDelegate$BeanPostProcessorChecker[0;39m - [34mBean 'customRealm' of type [cn.kj.ebff.shiro.LoginRealm] is not eligible for getting processed by all BeanPostProcessors (for example: not eligible for auto-proxying)[0;39m 
2020-04-06 09:28:13 [main] [34mINFO [0;39m [36mo.s.c.s.PostProcessorRegistrationDelegate$BeanPostProcessorChecker[0;39m - [34mBean 'defaultWebSecurityManager' of type [org.apache.shiro.web.mgt.DefaultWebSecurityManager] is not eligible for getting processed by all BeanPostProcessors (for example: not eligible for auto-proxying)[0;39m 
2020-04-06 09:28:15 [main] [34mINFO [0;39m [36mo.s.boot.web.embedded.tomcat.TomcatWebServer[0;39m - [34mTomcat initialized with port(s): 8888 (http)[0;39m 
2020-04-06 09:28:15 [main] [34mINFO [0;39m [36morg.apache.coyote.http11.Http11NioProtocol[0;39m - [34mInitializing ProtocolHandler ["http-nio-8888"][0;39m 
2020-04-06 09:28:15 [main] [34mINFO [0;39m [36morg.apache.catalina.core.StandardService[0;39m - [34mStarting service [Tomcat][0;39m 
2020-04-06 09:28:15 [main] [34mINFO [0;39m [36morg.apache.catalina.core.StandardEngine[0;39m - [34mStarting Servlet engine: [Apache Tomcat/9.0.33][0;39m 
2020-04-06 09:28:15 [main] [34mINFO [0;39m [36mo.a.c.core.ContainerBase.[Tomcat].[localhost].[/][0;39m - [34mInitializing Spring embedded WebApplicationContext[0;39m 
2020-04-06 09:28:15 [main] [34mINFO [0;39m [36morg.springframework.web.context.ContextLoader[0;39m - [34mRoot WebApplicationContext: initialization completed in 4827 ms[0;39m 
2020-04-06 09:28:15 [main] [34mINFO [0;39m [36mo.s.scheduling.concurrent.ThreadPoolTaskExecutor[0;39m - [34mInitializing ExecutorService 'applicationTaskExecutor'[0;39m 
2020-04-06 09:28:16 [main] [34mINFO [0;39m [36mt.mybatis.mapper.autoconfigure.MapperCacheDisabler[0;39m - [34mClear tk.mybatis.mapper.util.MsUtil CLASS_CACHE cache.[0;39m 
2020-04-06 09:28:16 [main] [34mINFO [0;39m [36mt.mybatis.mapper.autoconfigure.MapperCacheDisabler[0;39m - [34mClear tk.mybatis.mapper.genid.GenIdUtil CACHE cache.[0;39m 
2020-04-06 09:28:16 [main] [34mINFO [0;39m [36mt.mybatis.mapper.autoconfigure.MapperCacheDisabler[0;39m - [34mClear tk.mybatis.mapper.version.VersionUtil CACHE cache.[0;39m 
2020-04-06 09:28:16 [main] [34mINFO [0;39m [36mt.mybatis.mapper.autoconfigure.MapperCacheDisabler[0;39m - [34mClear EntityHelper entityTableMap cache.[0;39m 
2020-04-06 09:28:16 [main] [34mINFO [0;39m [36morg.apache.coyote.http11.Http11NioProtocol[0;39m - [34mStarting ProtocolHandler ["http-nio-8888"][0;39m 
2020-04-06 09:28:16 [main] [34mINFO [0;39m [36mo.s.boot.web.embedded.tomcat.TomcatWebServer[0;39m - [34mTomcat started on port(s): 8888 (http) with context path ''[0;39m 
2020-04-06 09:28:16 [main] [34mINFO [0;39m [36mcn.kj.ebff.EbffApplication[0;39m - [34mStarted EbffApplication in 6.868 seconds (JVM running for 9.679)[0;39m 
2020-04-06 09:28:25 [http-nio-8888-exec-1] [34mINFO [0;39m [36mo.a.c.core.ContainerBase.[Tomcat].[localhost].[/][0;39m - [34mInitializing Spring DispatcherServlet 'dispatcherServlet'[0;39m 
2020-04-06 09:28:25 [http-nio-8888-exec-1] [34mINFO [0;39m [36morg.springframework.web.servlet.DispatcherServlet[0;39m - [34mInitializing Servlet 'dispatcherServlet'[0;39m 
2020-04-06 09:28:25 [http-nio-8888-exec-1] [34mINFO [0;39m [36morg.springframework.web.servlet.DispatcherServlet[0;39m - [34mCompleted initialization in 21 ms[0;39m 
2020-04-06 09:28:25 [http-nio-8888-exec-1] [34mINFO [0;39m [36mcn.kj.ebff.controller.LoginController[0;39m - [34musername = Tuzki, password = 111111[0;39m 
2020-04-06 09:29:47 [http-nio-8888-exec-8] [34mINFO [0;39m [36mcn.kj.ebff.controller.LoginController[0;39m - [34musername = Tuzki, password = 111111[0;39m 
2020-04-06 09:30:56 [http-nio-8888-exec-10] [34mINFO [0;39m [36mcn.kj.ebff.controller.LoginController[0;39m - [34musername = Tuzki, password = 111111[0;39m 
2020-04-06 09:31:15 [http-nio-8888-exec-2] [34mINFO [0;39m [36mcn.kj.ebff.controller.LoginController[0;39m - [34musername = Tuzki, password = 111111[0;39m 
2020-04-06 09:33:17 [http-nio-8888-exec-4] [34mINFO [0;39m [36mcn.kj.ebff.controller.LoginController[0;39m - [34musername = Tuzki, password = 111111[0;39m 
2020-04-06 09:35:39 [http-nio-8888-exec-5] [34mINFO [0;39m [36mcn.kj.ebff.controller.LoginController[0;39m - [34musername = Tuzki, password = 111111[0;39m 
2020-04-06 09:40:52 [main] [34mINFO [0;39m [36mcn.kj.ebff.EbffApplication[0;39m - [34mStarting EbffApplication on DESKTOP-9AJN4VM with PID 32196 (F:\IDEA\ebff\target\classes started by 25414 in F:\IDEA\ebff)[0;39m 
2020-04-06 09:40:52 [main] [34mINFO [0;39m [36mcn.kj.ebff.EbffApplication[0;39m - [34mNo active profile set, falling back to default profiles: default[0;39m 
2020-04-06 09:40:54 [main] [34mINFO [0;39m [36mo.s.c.s.PostProcessorRegistrationDelegate$BeanPostProcessorChecker[0;39m - [34mBean 'shiroConfig' of type [cn.kj.ebff.shiro.ShiroConfig$$EnhancerBySpringCGLIB$$1dfffcf5] is not eligible for getting processed by all BeanPostProcessors (for example: not eligible for auto-proxying)[0;39m 
2020-04-06 09:40:54 [main] [34mINFO [0;39m [36mo.s.c.s.PostProcessorRegistrationDelegate$BeanPostProcessorChecker[0;39m - [34mBean 'mybatis-tk.mybatis.mapper.autoconfigure.MybatisProperties' of type [tk.mybatis.mapper.autoconfigure.MybatisProperties] is not eligible for getting processed by all BeanPostProcessors (for example: not eligible for auto-proxying)[0;39m 
2020-04-06 09:40:54 [main] [34mINFO [0;39m [36mo.s.c.s.PostProcessorRegistrationDelegate$BeanPostProcessorChecker[0;39m - [34mBean 'tk.mybatis.mapper.autoconfigure.MapperAutoConfiguration' of type [tk.mybatis.mapper.autoconfigure.MapperAutoConfiguration$$EnhancerBySpringCGLIB$$3975f7f8] is not eligible for getting processed by all BeanPostProcessors (for example: not eligible for auto-proxying)[0;39m 
2020-04-06 09:40:54 [main] [34mINFO [0;39m [36mo.s.c.s.PostProcessorRegistrationDelegate$BeanPostProcessorChecker[0;39m - [34mBean 'org.springframework.boot.autoconfigure.jdbc.DataSourceConfiguration$Hikari' of type [org.springframework.boot.autoconfigure.jdbc.DataSourceConfiguration$Hikari] is not eligible for getting processed by all BeanPostProcessors (for example: not eligible for auto-proxying)[0;39m 
2020-04-06 09:40:54 [main] [34mINFO [0;39m [36mo.s.c.s.PostProcessorRegistrationDelegate$BeanPostProcessorChecker[0;39m - [34mBean 'spring.datasource-org.springframework.boot.autoconfigure.jdbc.DataSourceProperties' of type [org.springframework.boot.autoconfigure.jdbc.DataSourceProperties] is not eligible for getting processed by all BeanPostProcessors (for example: not eligible for auto-proxying)[0;39m 
2020-04-06 09:40:54 [main] [34mINFO [0;39m [36mo.s.c.s.PostProcessorRegistrationDelegate$BeanPostProcessorChecker[0;39m - [34mBean 'dataSource' of type [com.zaxxer.hikari.HikariDataSource] is not eligible for getting processed by all BeanPostProcessors (for example: not eligible for auto-proxying)[0;39m 
2020-04-06 09:40:54 [main] [34mINFO [0;39m [36mo.s.c.s.PostProcessorRegistrationDelegate$BeanPostProcessorChecker[0;39m - [34mBean 'org.springframework.boot.autoconfigure.jdbc.DataSourceInitializerInvoker' of type [org.springframework.boot.autoconfigure.jdbc.DataSourceInitializerInvoker] is not eligible for getting processed by all BeanPostProcessors (for example: not eligible for auto-proxying)[0;39m 
2020-04-06 09:40:54 [main] [34mINFO [0;39m [36mo.s.c.s.PostProcessorRegistrationDelegate$BeanPostProcessorChecker[0;39m - [34mBean 'sqlSessionFactory' of type [org.apache.ibatis.session.defaults.DefaultSqlSessionFactory] is not eligible for getting processed by all BeanPostProcessors (for example: not eligible for auto-proxying)[0;39m 
2020-04-06 09:40:54 [main] [34mINFO [0;39m [36mo.s.c.s.PostProcessorRegistrationDelegate$BeanPostProcessorChecker[0;39m - [34mBean 'sqlSessionTemplate' of type [org.mybatis.spring.SqlSessionTemplate] is not eligible for getting processed by all BeanPostProcessors (for example: not eligible for auto-proxying)[0;39m 
2020-04-06 09:40:54 [main] [34mINFO [0;39m [36mo.s.c.s.PostProcessorRegistrationDelegate$BeanPostProcessorChecker[0;39m - [34mBean 'userMapper' of type [tk.mybatis.spring.mapper.MapperFactoryBean] is not eligible for getting processed by all BeanPostProcessors (for example: not eligible for auto-proxying)[0;39m 
2020-04-06 09:40:54 [main] [34mINFO [0;39m [36mo.s.c.s.PostProcessorRegistrationDelegate$BeanPostProcessorChecker[0;39m - [34mBean 'userMapper' of type [com.sun.proxy.$Proxy77] is not eligible for getting processed by all BeanPostProcessors (for example: not eligible for auto-proxying)[0;39m 
2020-04-06 09:40:54 [main] [34mINFO [0;39m [36mo.s.c.s.PostProcessorRegistrationDelegate$BeanPostProcessorChecker[0;39m - [34mBean 'userServiceImpl' of type [cn.kj.ebff.servce.Impl.UserServiceImpl] is not eligible for getting processed by all BeanPostProcessors (for example: not eligible for auto-proxying)[0;39m 
2020-04-06 09:40:54 [main] [34mINFO [0;39m [36mo.s.c.s.PostProcessorRegistrationDelegate$BeanPostProcessorChecker[0;39m - [34mBean 'userWithRoleMapper' of type [tk.mybatis.spring.mapper.MapperFactoryBean] is not eligible for getting processed by all BeanPostProcessors (for example: not eligible for auto-proxying)[0;39m 
2020-04-06 09:40:54 [main] [34mINFO [0;39m [36mo.s.c.s.PostProcessorRegistrationDelegate$BeanPostProcessorChecker[0;39m - [34mBean 'userWithRoleMapper' of type [com.sun.proxy.$Proxy78] is not eligible for getting processed by all BeanPostProcessors (for example: not eligible for auto-proxying)[0;39m 
2020-04-06 09:40:54 [main] [34mINFO [0;39m [36mo.s.c.s.PostProcessorRegistrationDelegate$BeanPostProcessorChecker[0;39m - [34mBean 'userWithRoleServiceImpl' of type [cn.kj.ebff.servce.Impl.UserWithRoleServiceImpl] is not eligible for getting processed by all BeanPostProcessors (for example: not eligible for auto-proxying)[0;39m 
2020-04-06 09:40:54 [main] [34mINFO [0;39m [36mo.s.c.s.PostProcessorRegistrationDelegate$BeanPostProcessorChecker[0;39m - [34mBean 'roleWithResourceMapper' of type [tk.mybatis.spring.mapper.MapperFactoryBean] is not eligible for getting processed by all BeanPostProcessors (for example: not eligible for auto-proxying)[0;39m 
2020-04-06 09:40:54 [main] [34mINFO [0;39m [36mo.s.c.s.PostProcessorRegistrationDelegate$BeanPostProcessorChecker[0;39m - [34mBean 'roleWithResourceMapper' of type [com.sun.proxy.$Proxy79] is not eligible for getting processed by all BeanPostProcessors (for example: not eligible for auto-proxying)[0;39m 
2020-04-06 09:40:54 [main] [34mINFO [0;39m [36mo.s.c.s.PostProcessorRegistrationDelegate$BeanPostProcessorChecker[0;39m - [34mBean 'roleWithResourceServiceImpl' of type [cn.kj.ebff.servce.Impl.RoleWithResourceServiceImpl] is not eligible for getting processed by all BeanPostProcessors (for example: not eligible for auto-proxying)[0;39m 
2020-04-06 09:40:54 [main] [34mINFO [0;39m [36mo.s.c.s.PostProcessorRegistrationDelegate$BeanPostProcessorChecker[0;39m - [34mBean 'customRealm' of type [cn.kj.ebff.shiro.LoginRealm] is not eligible for getting processed by all BeanPostProcessors (for example: not eligible for auto-proxying)[0;39m 
2020-04-06 09:40:57 [main] [34mINFO [0;39m [36mo.s.c.s.PostProcessorRegistrationDelegate$BeanPostProcessorChecker[0;39m - [34mBean 'defaultWebSecurityManager' of type [org.apache.shiro.web.mgt.DefaultWebSecurityManager] is not eligible for getting processed by all BeanPostProcessors (for example: not eligible for auto-proxying)[0;39m 
2020-04-06 09:41:01 [main] [34mINFO [0;39m [36mo.s.boot.web.embedded.tomcat.TomcatWebServer[0;39m - [34mTomcat initialized with port(s): 8888 (http)[0;39m 
2020-04-06 09:41:01 [main] [34mINFO [0;39m [36morg.apache.coyote.http11.Http11NioProtocol[0;39m - [34mInitializing ProtocolHandler ["http-nio-8888"][0;39m 
2020-04-06 09:41:01 [main] [34mINFO [0;39m [36morg.apache.catalina.core.StandardService[0;39m - [34mStarting service [Tomcat][0;39m 
2020-04-06 09:41:01 [main] [34mINFO [0;39m [36morg.apache.catalina.core.StandardEngine[0;39m - [34mStarting Servlet engine: [Apache Tomcat/9.0.33][0;39m 
2020-04-06 09:41:01 [main] [34mINFO [0;39m [36mo.a.c.core.ContainerBase.[Tomcat].[localhost].[/][0;39m - [34mInitializing Spring embedded WebApplicationContext[0;39m 
2020-04-06 09:41:01 [main] [34mINFO [0;39m [36morg.springframework.web.context.ContextLoader[0;39m - [34mRoot WebApplicationContext: initialization completed in 9216 ms[0;39m 
2020-04-06 09:41:01 [main] [34mINFO [0;39m [36mo.s.scheduling.concurrent.ThreadPoolTaskExecutor[0;39m - [34mInitializing ExecutorService 'applicationTaskExecutor'[0;39m 
2020-04-06 09:41:02 [main] [34mINFO [0;39m [36mt.mybatis.mapper.autoconfigure.MapperCacheDisabler[0;39m - [34mClear tk.mybatis.mapper.util.MsUtil CLASS_CACHE cache.[0;39m 
2020-04-06 09:41:02 [main] [34mINFO [0;39m [36mt.mybatis.mapper.autoconfigure.MapperCacheDisabler[0;39m - [34mClear tk.mybatis.mapper.genid.GenIdUtil CACHE cache.[0;39m 
2020-04-06 09:41:02 [main] [34mINFO [0;39m [36mt.mybatis.mapper.autoconfigure.MapperCacheDisabler[0;39m - [34mClear tk.mybatis.mapper.version.VersionUtil CACHE cache.[0;39m 
2020-04-06 09:41:02 [main] [34mINFO [0;39m [36mt.mybatis.mapper.autoconfigure.MapperCacheDisabler[0;39m - [34mClear EntityHelper entityTableMap cache.[0;39m 
2020-04-06 09:41:02 [main] [34mINFO [0;39m [36morg.apache.coyote.http11.Http11NioProtocol[0;39m - [34mStarting ProtocolHandler ["http-nio-8888"][0;39m 
2020-04-06 09:41:02 [main] [34mINFO [0;39m [36mo.s.boot.web.embedded.tomcat.TomcatWebServer[0;39m - [34mTomcat started on port(s): 8888 (http) with context path ''[0;39m 
2020-04-06 09:41:02 [main] [34mINFO [0;39m [36mcn.kj.ebff.EbffApplication[0;39m - [34mStarted EbffApplication in 11.996 seconds (JVM running for 15.813)[0;39m 
2020-04-06 09:41:05 [http-nio-8888-exec-2] [34mINFO [0;39m [36mo.a.c.core.ContainerBase.[Tomcat].[localhost].[/][0;39m - [34mInitializing Spring DispatcherServlet 'dispatcherServlet'[0;39m 
2020-04-06 09:41:05 [http-nio-8888-exec-2] [34mINFO [0;39m [36morg.springframework.web.servlet.DispatcherServlet[0;39m - [34mInitializing Servlet 'dispatcherServlet'[0;39m 
2020-04-06 09:41:05 [http-nio-8888-exec-2] [34mINFO [0;39m [36morg.springframework.web.servlet.DispatcherServlet[0;39m - [34mCompleted initialization in 12 ms[0;39m 
2020-04-06 09:41:05 [http-nio-8888-exec-2] [34mINFO [0;39m [36mcn.kj.ebff.controller.LoginController[0;39m - [34musername = Tuzki, password = 111111[0;39m 
2020-04-06 09:41:10 [http-nio-8888-exec-2] [34mINFO [0;39m [36mcom.zaxxer.hikari.HikariDataSource[0;39m - [34mHikariPool-1 - Starting...[0;39m 
2020-04-06 09:41:10 [http-nio-8888-exec-2] [34mINFO [0;39m [36mcom.zaxxer.hikari.HikariDataSource[0;39m - [34mHikariPool-1 - Start completed.[0;39m 
2020-04-06 09:42:35 [main] [34mINFO [0;39m [36mcn.kj.ebff.EbffApplication[0;39m - [34mStarting EbffApplication on DESKTOP-9AJN4VM with PID 18696 (F:\IDEA\ebff\target\classes started by 25414 in F:\IDEA\ebff)[0;39m 
2020-04-06 09:42:35 [main] [34mINFO [0;39m [36mcn.kj.ebff.EbffApplication[0;39m - [34mNo active profile set, falling back to default profiles: default[0;39m 
2020-04-06 09:42:36 [main] [34mINFO [0;39m [36mo.s.c.s.PostProcessorRegistrationDelegate$BeanPostProcessorChecker[0;39m - [34mBean 'shiroConfig' of type [cn.kj.ebff.shiro.ShiroConfig$$EnhancerBySpringCGLIB$$77b1a5b1] is not eligible for getting processed by all BeanPostProcessors (for example: not eligible for auto-proxying)[0;39m 
2020-04-06 09:42:36 [main] [34mINFO [0;39m [36mo.s.c.s.PostProcessorRegistrationDelegate$BeanPostProcessorChecker[0;39m - [34mBean 'mybatis-tk.mybatis.mapper.autoconfigure.MybatisProperties' of type [tk.mybatis.mapper.autoconfigure.MybatisProperties] is not eligible for getting processed by all BeanPostProcessors (for example: not eligible for auto-proxying)[0;39m 
2020-04-06 09:42:36 [main] [34mINFO [0;39m [36mo.s.c.s.PostProcessorRegistrationDelegate$BeanPostProcessorChecker[0;39m - [34mBean 'tk.mybatis.mapper.autoconfigure.MapperAutoConfiguration' of type [tk.mybatis.mapper.autoconfigure.MapperAutoConfiguration$$EnhancerBySpringCGLIB$$9327a0b4] is not eligible for getting processed by all BeanPostProcessors (for example: not eligible for auto-proxying)[0;39m 
2020-04-06 09:42:36 [main] [34mINFO [0;39m [36mo.s.c.s.PostProcessorRegistrationDelegate$BeanPostProcessorChecker[0;39m - [34mBean 'org.springframework.boot.autoconfigure.jdbc.DataSourceConfiguration$Hikari' of type [org.springframework.boot.autoconfigure.jdbc.DataSourceConfiguration$Hikari] is not eligible for getting processed by all BeanPostProcessors (for example: not eligible for auto-proxying)[0;39m 
2020-04-06 09:42:36 [main] [34mINFO [0;39m [36mo.s.c.s.PostProcessorRegistrationDelegate$BeanPostProcessorChecker[0;39m - [34mBean 'spring.datasource-org.springframework.boot.autoconfigure.jdbc.DataSourceProperties' of type [org.springframework.boot.autoconfigure.jdbc.DataSourceProperties] is not eligible for getting processed by all BeanPostProcessors (for example: not eligible for auto-proxying)[0;39m 
2020-04-06 09:42:36 [main] [34mINFO [0;39m [36mo.s.c.s.PostProcessorRegistrationDelegate$BeanPostProcessorChecker[0;39m - [34mBean 'dataSource' of type [com.zaxxer.hikari.HikariDataSource] is not eligible for getting processed by all BeanPostProcessors (for example: not eligible for auto-proxying)[0;39m 
2020-04-06 09:42:36 [main] [34mINFO [0;39m [36mo.s.c.s.PostProcessorRegistrationDelegate$BeanPostProcessorChecker[0;39m - [34mBean 'org.springframework.boot.autoconfigure.jdbc.DataSourceInitializerInvoker' of type [org.springframework.boot.autoconfigure.jdbc.DataSourceInitializerInvoker] is not eligible for getting processed by all BeanPostProcessors (for example: not eligible for auto-proxying)[0;39m 
2020-04-06 09:42:37 [main] [34mINFO [0;39m [36mo.s.c.s.PostProcessorRegistrationDelegate$BeanPostProcessorChecker[0;39m - [34mBean 'sqlSessionFactory' of type [org.apache.ibatis.session.defaults.DefaultSqlSessionFactory] is not eligible for getting processed by all BeanPostProcessors (for example: not eligible for auto-proxying)[0;39m 
2020-04-06 09:42:37 [main] [34mINFO [0;39m [36mo.s.c.s.PostProcessorRegistrationDelegate$BeanPostProcessorChecker[0;39m - [34mBean 'sqlSessionTemplate' of type [org.mybatis.spring.SqlSessionTemplate] is not eligible for getting processed by all BeanPostProcessors (for example: not eligible for auto-proxying)[0;39m 
2020-04-06 09:42:37 [main] [34mINFO [0;39m [36mo.s.c.s.PostProcessorRegistrationDelegate$BeanPostProcessorChecker[0;39m - [34mBean 'userMapper' of type [tk.mybatis.spring.mapper.MapperFactoryBean] is not eligible for getting processed by all BeanPostProcessors (for example: not eligible for auto-proxying)[0;39m 
2020-04-06 09:42:37 [main] [34mINFO [0;39m [36mo.s.c.s.PostProcessorRegistrationDelegate$BeanPostProcessorChecker[0;39m - [34mBean 'userMapper' of type [com.sun.proxy.$Proxy77] is not eligible for getting processed by all BeanPostProcessors (for example: not eligible for auto-proxying)[0;39m 
2020-04-06 09:42:37 [main] [34mINFO [0;39m [36mo.s.c.s.PostProcessorRegistrationDelegate$BeanPostProcessorChecker[0;39m - [34mBean 'userServiceImpl' of type [cn.kj.ebff.servce.Impl.UserServiceImpl] is not eligible for getting processed by all BeanPostProcessors (for example: not eligible for auto-proxying)[0;39m 
2020-04-06 09:42:37 [main] [34mINFO [0;39m [36mo.s.c.s.PostProcessorRegistrationDelegate$BeanPostProcessorChecker[0;39m - [34mBean 'userWithRoleMapper' of type [tk.mybatis.spring.mapper.MapperFactoryBean] is not eligible for getting processed by all BeanPostProcessors (for example: not eligible for auto-proxying)[0;39m 
2020-04-06 09:42:37 [main] [34mINFO [0;39m [36mo.s.c.s.PostProcessorRegistrationDelegate$BeanPostProcessorChecker[0;39m - [34mBean 'userWithRoleMapper' of type [com.sun.proxy.$Proxy78] is not eligible for getting processed by all BeanPostProcessors (for example: not eligible for auto-proxying)[0;39m 
2020-04-06 09:42:37 [main] [34mINFO [0;39m [36mo.s.c.s.PostProcessorRegistrationDelegate$BeanPostProcessorChecker[0;39m - [34mBean 'userWithRoleServiceImpl' of type [cn.kj.ebff.servce.Impl.UserWithRoleServiceImpl] is not eligible for getting processed by all BeanPostProcessors (for example: not eligible for auto-proxying)[0;39m 
2020-04-06 09:42:37 [main] [34mINFO [0;39m [36mo.s.c.s.PostProcessorRegistrationDelegate$BeanPostProcessorChecker[0;39m - [34mBean 'roleWithResourceMapper' of type [tk.mybatis.spring.mapper.MapperFactoryBean] is not eligible for getting processed by all BeanPostProcessors (for example: not eligible for auto-proxying)[0;39m 
2020-04-06 09:42:37 [main] [34mINFO [0;39m [36mo.s.c.s.PostProcessorRegistrationDelegate$BeanPostProcessorChecker[0;39m - [34mBean 'roleWithResourceMapper' of type [com.sun.proxy.$Proxy79] is not eligible for getting processed by all BeanPostProcessors (for example: not eligible for auto-proxying)[0;39m 
2020-04-06 09:42:37 [main] [34mINFO [0;39m [36mo.s.c.s.PostProcessorRegistrationDelegate$BeanPostProcessorChecker[0;39m - [34mBean 'roleWithResourceServiceImpl' of type [cn.kj.ebff.servce.Impl.RoleWithResourceServiceImpl] is not eligible for getting processed by all BeanPostProcessors (for example: not eligible for auto-proxying)[0;39m 
2020-04-06 09:42:37 [main] [34mINFO [0;39m [36mo.s.c.s.PostProcessorRegistrationDelegate$BeanPostProcessorChecker[0;39m - [34mBean 'customRealm' of type [cn.kj.ebff.shiro.LoginRealm] is not eligible for getting processed by all BeanPostProcessors (for example: not eligible for auto-proxying)[0;39m 
2020-04-06 09:42:38 [main] [34mINFO [0;39m [36mo.s.c.s.PostProcessorRegistrationDelegate$BeanPostProcessorChecker[0;39m - [34mBean 'defaultWebSecurityManager' of type [org.apache.shiro.web.mgt.DefaultWebSecurityManager] is not eligible for getting processed by all BeanPostProcessors (for example: not eligible for auto-proxying)[0;39m 
2020-04-06 09:42:50 [main] [34mINFO [0;39m [36mo.s.boot.web.embedded.tomcat.TomcatWebServer[0;39m - [34mTomcat initialized with port(s): 8888 (http)[0;39m 
2020-04-06 09:42:50 [main] [34mINFO [0;39m [36morg.apache.coyote.http11.Http11NioProtocol[0;39m - [34mInitializing ProtocolHandler ["http-nio-8888"][0;39m 
2020-04-06 09:42:50 [main] [34mINFO [0;39m [36morg.apache.catalina.core.StandardService[0;39m - [34mStarting service [Tomcat][0;39m 
2020-04-06 09:42:50 [main] [34mINFO [0;39m [36morg.apache.catalina.core.StandardEngine[0;39m - [34mStarting Servlet engine: [Apache Tomcat/9.0.33][0;39m 
2020-04-06 09:42:51 [main] [34mINFO [0;39m [36mo.a.c.core.ContainerBase.[Tomcat].[localhost].[/][0;39m - [34mInitializing Spring embedded WebApplicationContext[0;39m 
2020-04-06 09:42:51 [main] [34mINFO [0;39m [36morg.springframework.web.context.ContextLoader[0;39m - [34mRoot WebApplicationContext: initialization completed in 15524 ms[0;39m 
2020-04-06 09:42:51 [main] [34mINFO [0;39m [36mo.s.scheduling.concurrent.ThreadPoolTaskExecutor[0;39m - [34mInitializing ExecutorService 'applicationTaskExecutor'[0;39m 
2020-04-06 09:42:51 [main] [34mINFO [0;39m [36mt.mybatis.mapper.autoconfigure.MapperCacheDisabler[0;39m - [34mClear tk.mybatis.mapper.util.MsUtil CLASS_CACHE cache.[0;39m 
2020-04-06 09:42:51 [main] [34mINFO [0;39m [36mt.mybatis.mapper.autoconfigure.MapperCacheDisabler[0;39m - [34mClear tk.mybatis.mapper.genid.GenIdUtil CACHE cache.[0;39m 
2020-04-06 09:42:51 [main] [34mINFO [0;39m [36mt.mybatis.mapper.autoconfigure.MapperCacheDisabler[0;39m - [34mClear tk.mybatis.mapper.version.VersionUtil CACHE cache.[0;39m 
2020-04-06 09:42:51 [main] [34mINFO [0;39m [36mt.mybatis.mapper.autoconfigure.MapperCacheDisabler[0;39m - [34mClear EntityHelper entityTableMap cache.[0;39m 
2020-04-06 09:42:51 [main] [34mINFO [0;39m [36morg.apache.coyote.http11.Http11NioProtocol[0;39m - [34mStarting ProtocolHandler ["http-nio-8888"][0;39m 
2020-04-06 09:42:51 [main] [34mINFO [0;39m [36mo.s.boot.web.embedded.tomcat.TomcatWebServer[0;39m - [34mTomcat started on port(s): 8888 (http) with context path ''[0;39m 
2020-04-06 09:42:51 [main] [34mINFO [0;39m [36mcn.kj.ebff.EbffApplication[0;39m - [34mStarted EbffApplication in 17.114 seconds (JVM running for 19.977)[0;39m 
2020-04-06 09:42:59 [http-nio-8888-exec-2] [34mINFO [0;39m [36mo.a.c.core.ContainerBase.[Tomcat].[localhost].[/][0;39m - [34mInitializing Spring DispatcherServlet 'dispatcherServlet'[0;39m 
2020-04-06 09:42:59 [http-nio-8888-exec-2] [34mINFO [0;39m [36morg.springframework.web.servlet.DispatcherServlet[0;39m - [34mInitializing Servlet 'dispatcherServlet'[0;39m 
2020-04-06 09:42:59 [http-nio-8888-exec-2] [34mINFO [0;39m [36morg.springframework.web.servlet.DispatcherServlet[0;39m - [34mCompleted initialization in 9 ms[0;39m 
2020-04-06 09:42:59 [http-nio-8888-exec-2] [34mINFO [0;39m [36mcn.kj.ebff.controller.LoginController[0;39m - [34musername = Tuzki, password = 111111[0;39m 
2020-04-06 09:43:03 [http-nio-8888-exec-2] [34mINFO [0;39m [36mcom.zaxxer.hikari.HikariDataSource[0;39m - [34mHikariPool-1 - Starting...[0;39m 
2020-04-06 09:43:03 [http-nio-8888-exec-2] [34mINFO [0;39m [36mcom.zaxxer.hikari.HikariDataSource[0;39m - [34mHikariPool-1 - Start completed.[0;39m 
2020-04-06 09:45:33 [http-nio-8888-exec-5] [34mINFO [0;39m [36mcn.kj.ebff.controller.LoginController[0;39m - [34musername = Tuzki, password = 111111[0;39m 
2020-04-06 09:51:52 [http-nio-8888-exec-8] [34mINFO [0;39m [36mcn.kj.ebff.controller.LoginController[0;39m - [34musername = Tuzki, password = 111111[0;39m 
2020-04-06 09:54:53 [main] [34mINFO [0;39m [36mcn.kj.ebff.EbffApplication[0;39m - [34mStarting EbffApplication on DESKTOP-9AJN4VM with PID 3556 (F:\IDEA\ebff\target\classes started by 25414 in F:\IDEA\ebff)[0;39m 
2020-04-06 09:54:53 [main] [34mINFO [0;39m [36mcn.kj.ebff.EbffApplication[0;39m - [34mNo active profile set, falling back to default profiles: default[0;39m 
2020-04-06 09:54:54 [main] [34mINFO [0;39m [36mo.s.c.s.PostProcessorRegistrationDelegate$BeanPostProcessorChecker[0;39m - [34mBean 'shiroConfig' of type [cn.kj.ebff.shiro.ShiroConfig$$EnhancerBySpringCGLIB$$aa553498] is not eligible for getting processed by all BeanPostProcessors (for example: not eligible for auto-proxying)[0;39m 
2020-04-06 09:54:55 [main] [34mINFO [0;39m [36mo.s.c.s.PostProcessorRegistrationDelegate$BeanPostProcessorChecker[0;39m - [34mBean 'mybatis-tk.mybatis.mapper.autoconfigure.MybatisProperties' of type [tk.mybatis.mapper.autoconfigure.MybatisProperties] is not eligible for getting processed by all BeanPostProcessors (for example: not eligible for auto-proxying)[0;39m 
2020-04-06 09:54:55 [main] [34mINFO [0;39m [36mo.s.c.s.PostProcessorRegistrationDelegate$BeanPostProcessorChecker[0;39m - [34mBean 'tk.mybatis.mapper.autoconfigure.MapperAutoConfiguration' of type [tk.mybatis.mapper.autoconfigure.MapperAutoConfiguration$$EnhancerBySpringCGLIB$$c5cb2f9b] is not eligible for getting processed by all BeanPostProcessors (for example: not eligible for auto-proxying)[0;39m 
2020-04-06 09:54:55 [main] [34mINFO [0;39m [36mo.s.c.s.PostProcessorRegistrationDelegate$BeanPostProcessorChecker[0;39m - [34mBean 'org.springframework.boot.autoconfigure.jdbc.DataSourceConfiguration$Hikari' of type [org.springframework.boot.autoconfigure.jdbc.DataSourceConfiguration$Hikari] is not eligible for getting processed by all BeanPostProcessors (for example: not eligible for auto-proxying)[0;39m 
2020-04-06 09:54:55 [main] [34mINFO [0;39m [36mo.s.c.s.PostProcessorRegistrationDelegate$BeanPostProcessorChecker[0;39m - [34mBean 'spring.datasource-org.springframework.boot.autoconfigure.jdbc.DataSourceProperties' of type [org.springframework.boot.autoconfigure.jdbc.DataSourceProperties] is not eligible for getting processed by all BeanPostProcessors (for example: not eligible for auto-proxying)[0;39m 
2020-04-06 09:54:55 [main] [34mINFO [0;39m [36mo.s.c.s.PostProcessorRegistrationDelegate$BeanPostProcessorChecker[0;39m - [34mBean 'dataSource' of type [com.zaxxer.hikari.HikariDataSource] is not eligible for getting processed by all BeanPostProcessors (for example: not eligible for auto-proxying)[0;39m 
2020-04-06 09:54:55 [main] [34mINFO [0;39m [36mo.s.c.s.PostProcessorRegistrationDelegate$BeanPostProcessorChecker[0;39m - [34mBean 'org.springframework.boot.autoconfigure.jdbc.DataSourceInitializerInvoker' of type [org.springframework.boot.autoconfigure.jdbc.DataSourceInitializerInvoker] is not eligible for getting processed by all BeanPostProcessors (for example: not eligible for auto-proxying)[0;39m 
2020-04-06 09:54:55 [main] [34mINFO [0;39m [36mo.s.c.s.PostProcessorRegistrationDelegate$BeanPostProcessorChecker[0;39m - [34mBean 'sqlSessionFactory' of type [org.apache.ibatis.session.defaults.DefaultSqlSessionFactory] is not eligible for getting processed by all BeanPostProcessors (for example: not eligible for auto-proxying)[0;39m 
2020-04-06 09:54:55 [main] [34mINFO [0;39m [36mo.s.c.s.PostProcessorRegistrationDelegate$BeanPostProcessorChecker[0;39m - [34mBean 'sqlSessionTemplate' of type [org.mybatis.spring.SqlSessionTemplate] is not eligible for getting processed by all BeanPostProcessors (for example: not eligible for auto-proxying)[0;39m 
2020-04-06 09:54:55 [main] [34mINFO [0;39m [36mo.s.c.s.PostProcessorRegistrationDelegate$BeanPostProcessorChecker[0;39m - [34mBean 'userMapper' of type [tk.mybatis.spring.mapper.MapperFactoryBean] is not eligible for getting processed by all BeanPostProcessors (for example: not eligible for auto-proxying)[0;39m 
2020-04-06 09:54:55 [main] [34mINFO [0;39m [36mo.s.c.s.PostProcessorRegistrationDelegate$BeanPostProcessorChecker[0;39m - [34mBean 'userMapper' of type [com.sun.proxy.$Proxy77] is not eligible for getting processed by all BeanPostProcessors (for example: not eligible for auto-proxying)[0;39m 
2020-04-06 09:54:55 [main] [34mINFO [0;39m [36mo.s.c.s.PostProcessorRegistrationDelegate$BeanPostProcessorChecker[0;39m - [34mBean 'userServiceImpl' of type [cn.kj.ebff.servce.Impl.UserServiceImpl] is not eligible for getting processed by all BeanPostProcessors (for example: not eligible for auto-proxying)[0;39m 
2020-04-06 09:54:55 [main] [34mINFO [0;39m [36mo.s.c.s.PostProcessorRegistrationDelegate$BeanPostProcessorChecker[0;39m - [34mBean 'userWithRoleMapper' of type [tk.mybatis.spring.mapper.MapperFactoryBean] is not eligible for getting processed by all BeanPostProcessors (for example: not eligible for auto-proxying)[0;39m 
2020-04-06 09:54:55 [main] [34mINFO [0;39m [36mo.s.c.s.PostProcessorRegistrationDelegate$BeanPostProcessorChecker[0;39m - [34mBean 'userWithRoleMapper' of type [com.sun.proxy.$Proxy78] is not eligible for getting processed by all BeanPostProcessors (for example: not eligible for auto-proxying)[0;39m 
2020-04-06 09:54:55 [main] [34mINFO [0;39m [36mo.s.c.s.PostProcessorRegistrationDelegate$BeanPostProcessorChecker[0;39m - [34mBean 'userWithRoleServiceImpl' of type [cn.kj.ebff.servce.Impl.UserWithRoleServiceImpl] is not eligible for getting processed by all BeanPostProcessors (for example: not eligible for auto-proxying)[0;39m 
2020-04-06 09:54:55 [main] [34mINFO [0;39m [36mo.s.c.s.PostProcessorRegistrationDelegate$BeanPostProcessorChecker[0;39m - [34mBean 'roleWithResourceMapper' of type [tk.mybatis.spring.mapper.MapperFactoryBean] is not eligible for getting processed by all BeanPostProcessors (for example: not eligible for auto-proxying)[0;39m 
2020-04-06 09:54:55 [main] [34mINFO [0;39m [36mo.s.c.s.PostProcessorRegistrationDelegate$BeanPostProcessorChecker[0;39m - [34mBean 'roleWithResourceMapper' of type [com.sun.proxy.$Proxy79] is not eligible for getting processed by all BeanPostProcessors (for example: not eligible for auto-proxying)[0;39m 
2020-04-06 09:54:55 [main] [34mINFO [0;39m [36mo.s.c.s.PostProcessorRegistrationDelegate$BeanPostProcessorChecker[0;39m - [34mBean 'roleWithResourceServiceImpl' of type [cn.kj.ebff.servce.Impl.RoleWithResourceServiceImpl] is not eligible for getting processed by all BeanPostProcessors (for example: not eligible for auto-proxying)[0;39m 
2020-04-06 09:54:55 [main] [34mINFO [0;39m [36mo.s.c.s.PostProcessorRegistrationDelegate$BeanPostProcessorChecker[0;39m - [34mBean 'customRealm' of type [cn.kj.ebff.shiro.LoginRealm] is not eligible for getting processed by all BeanPostProcessors (for example: not eligible for auto-proxying)[0;39m 
2020-04-06 09:54:56 [main] [34mINFO [0;39m [36mo.s.c.s.PostProcessorRegistrationDelegate$BeanPostProcessorChecker[0;39m - [34mBean 'defaultWebSecurityManager' of type [org.apache.shiro.web.mgt.DefaultWebSecurityManager] is not eligible for getting processed by all BeanPostProcessors (for example: not eligible for auto-proxying)[0;39m 
2020-04-06 09:54:57 [main] [34mINFO [0;39m [36mo.s.boot.web.embedded.tomcat.TomcatWebServer[0;39m - [34mTomcat initialized with port(s): 8888 (http)[0;39m 
2020-04-06 09:54:57 [main] [34mINFO [0;39m [36morg.apache.coyote.http11.Http11NioProtocol[0;39m - [34mInitializing ProtocolHandler ["http-nio-8888"][0;39m 
2020-04-06 09:54:57 [main] [34mINFO [0;39m [36morg.apache.catalina.core.StandardService[0;39m - [34mStarting service [Tomcat][0;39m 
2020-04-06 09:54:57 [main] [34mINFO [0;39m [36morg.apache.catalina.core.StandardEngine[0;39m - [34mStarting Servlet engine: [Apache Tomcat/9.0.33][0;39m 
2020-04-06 09:54:57 [main] [34mINFO [0;39m [36mo.a.c.core.ContainerBase.[Tomcat].[localhost].[/][0;39m - [34mInitializing Spring embedded WebApplicationContext[0;39m 
2020-04-06 09:54:57 [main] [34mINFO [0;39m [36morg.springframework.web.context.ContextLoader[0;39m - [34mRoot WebApplicationContext: initialization completed in 3523 ms[0;39m 
2020-04-06 09:54:57 [main] [34mINFO [0;39m [36mo.s.scheduling.concurrent.ThreadPoolTaskExecutor[0;39m - [34mInitializing ExecutorService 'applicationTaskExecutor'[0;39m 
2020-04-06 09:54:57 [main] [34mINFO [0;39m [36mt.mybatis.mapper.autoconfigure.MapperCacheDisabler[0;39m - [34mClear tk.mybatis.mapper.util.MsUtil CLASS_CACHE cache.[0;39m 
2020-04-06 09:54:57 [main] [34mINFO [0;39m [36mt.mybatis.mapper.autoconfigure.MapperCacheDisabler[0;39m - [34mClear tk.mybatis.mapper.genid.GenIdUtil CACHE cache.[0;39m 
2020-04-06 09:54:57 [main] [34mINFO [0;39m [36mt.mybatis.mapper.autoconfigure.MapperCacheDisabler[0;39m - [34mClear tk.mybatis.mapper.version.VersionUtil CACHE cache.[0;39m 
2020-04-06 09:54:57 [main] [34mINFO [0;39m [36mt.mybatis.mapper.autoconfigure.MapperCacheDisabler[0;39m - [34mClear EntityHelper entityTableMap cache.[0;39m 
2020-04-06 09:54:57 [main] [34mINFO [0;39m [36morg.apache.coyote.http11.Http11NioProtocol[0;39m - [34mStarting ProtocolHandler ["http-nio-8888"][0;39m 
2020-04-06 09:54:57 [main] [34mINFO [0;39m [36mo.s.boot.web.embedded.tomcat.TomcatWebServer[0;39m - [34mTomcat started on port(s): 8888 (http) with context path ''[0;39m 
2020-04-06 09:54:57 [main] [34mINFO [0;39m [36mcn.kj.ebff.EbffApplication[0;39m - [34mStarted EbffApplication in 5.108 seconds (JVM running for 7.987)[0;39m 
2020-04-06 09:55:23 [http-nio-8888-exec-2] [34mINFO [0;39m [36mo.a.c.core.ContainerBase.[Tomcat].[localhost].[/][0;39m - [34mInitializing Spring DispatcherServlet 'dispatcherServlet'[0;39m 
2020-04-06 09:55:23 [http-nio-8888-exec-2] [34mINFO [0;39m [36morg.springframework.web.servlet.DispatcherServlet[0;39m - [34mInitializing Servlet 'dispatcherServlet'[0;39m 
2020-04-06 09:55:23 [http-nio-8888-exec-2] [34mINFO [0;39m [36morg.springframework.web.servlet.DispatcherServlet[0;39m - [34mCompleted initialization in 10 ms[0;39m 
2020-04-06 09:55:23 [http-nio-8888-exec-2] [34mINFO [0;39m [36mcn.kj.ebff.controller.LoginController[0;39m - [34musername = Tuzki, password = 111111[0;39m 
2020-04-06 09:55:23 [http-nio-8888-exec-2] [34mINFO [0;39m [36mcom.zaxxer.hikari.HikariDataSource[0;39m - [34mHikariPool-1 - Starting...[0;39m 
2020-04-06 09:55:24 [http-nio-8888-exec-2] [34mINFO [0;39m [36mcom.zaxxer.hikari.HikariDataSource[0;39m - [34mHikariPool-1 - Start completed.[0;39m 
